TN:
SF:/Users/guilherme/.derivedData/Debug/SourcePackages/checkouts/swift-clocks/Sources/Clocks/AnyClock.swift
FNL:0,40
FNA:0,0,$s6Clocks8AnyClockC7InstantV8advanced2byAEyx_Gx_tF
FNL:1,44
FNA:1,0,$s6Clocks8AnyClockC7InstantV8duration2toxAEyx_G_tF
FNL:2,48
FNA:2,0,$s6Clocks8AnyClockC7InstantV1loiySbAEyx_G_AGtFZ
FNL:3,57
FNA:3,0,$s6Clocks8AnyClockCyACyxGqd__c8DurationQyd__Rszs0C0Rd__lufc
FNL:4,59
FNA:4,0,$s6Clocks8AnyClockCyACyxGqd__c8DurationQyd__Rszs0C0Rd__lufcAC7InstantVyx_GyYbcfU_
FNL:5,60
FNA:5,0,$s6Clocks8AnyClockCyACyxGqd__c8DurationQyd__Rszs0C0Rd__lufcxyYbcfU0_
FNL:6,61
FNA:6,0,$s6Clocks8AnyClockCyACyxGqd__c8DurationQyd__Rszs0C0Rd__lufcyAC7InstantVyx_G_xSgtYaYbKcfU1_
FNL:7,64
FNA:7,0,$s6Clocks8AnyClockC17minimumResolutionxvg
FNL:8,68
FNA:8,0,$s6Clocks8AnyClockC3nowAC7InstantVyx_Gvg
FNL:9,72
FNA:9,0,$s6Clocks8AnyClockC5sleep5until9toleranceyAC7InstantVyx_G_xSgtYaKF
FNF:10
FNH:0
DA:40,0
DA:41,0
DA:42,0
DA:44,0
DA:45,0
DA:46,0
DA:48,0
DA:49,0
DA:50,0
DA:57,0
DA:58,0
DA:59,0
DA:60,0
DA:61,0
DA:62,0
DA:64,0
DA:65,0
DA:66,0
DA:68,0
DA:69,0
DA:70,0
DA:72,0
DA:73,0
DA:74,0
LF:24
LH:0
end_of_record
TN:
SF:/Users/guilherme/.derivedData/Debug/SourcePackages/checkouts/swift-clocks/Sources/Clocks/ImmediateClock.swift
FNL:0,119
FNA:0,0,$s6Clocks14ImmediateClockC7InstantV6offsetAEyx_Gx_tcfC
FNL:1,123
FNA:1,0,$s6Clocks14ImmediateClockC7InstantV8advanced2byAEyx_Gx_tF
FNL:2,127
FNA:2,0,$s6Clocks14ImmediateClockC7InstantV8duration2toxAEyx_G_tF
FNL:3,131
FNA:3,0,$s6Clocks14ImmediateClockC7InstantV1loiySbAEyx_G_AGtFZ
FNL:4,137
FNA:4,0,$s6Clocks14ImmediateClockC17minimumResolutionxvpfi
FNL:5,138
FNA:5,0,$s6Clocks14ImmediateClockC4lock33_41108A65148213976E25559AC8E53CEELLSo6NSLockCvpfi
FNL:6,140
FNA:6,0,$s6Clocks14ImmediateClockC3nowACyxGAC7InstantVyx_G_tcfc
FNL:7,144
FNA:7,0,$s6Clocks14ImmediateClockC5sleep5until9toleranceyAC7InstantVyx_G_xSgtYaKF
FNL:8,146
FNA:8,0,$s6Clocks14ImmediateClockC5sleep5until9toleranceyAC7InstantVyx_G_xSgtYaKFyyXEfU_
FNL:9,153
FNA:9,0,$s6Clocks14ImmediateClockCAAs8DurationVRszrlEACyAEGycfC
FNL:10,176
FNA:10,0,$ss5ClockP6ClocksAC09ImmediateA0Cys8DurationVGRszrlE9immediateAHvgZ
FNF:11
FNH:0
DA:119,0
DA:120,0
DA:121,0
DA:123,0
DA:124,0
DA:125,0
DA:127,0
DA:128,0
DA:129,0
DA:131,0
DA:132,0
DA:133,0
DA:137,0
DA:138,0
DA:140,0
DA:141,0
DA:142,0
DA:144,0
DA:145,0
DA:146,0
DA:147,0
DA:148,0
DA:153,0
DA:154,0
DA:155,0
DA:176,0
DA:177,0
DA:178,0
LF:28
LH:0
end_of_record
TN:
SF:/Users/guilherme/.derivedData/Debug/SourcePackages/checkouts/swift-clocks/Sources/Clocks/Internal/Lock.swift
FNL:0,16
FNA:0,40,$sSo15NSRecursiveLockC6ClocksE4sync9operationxxyXE_tlF
FNL:1,6
FNA:1,0,$sSo6NSLockC6ClocksE4sync9operationxxyXE_tlF
FNF:2
FNH:1
DA:6,0
DA:7,0
DA:8,0
DA:9,0
DA:10,0
DA:16,40
DA:17,40
DA:18,40
DA:19,40
DA:20,40
LF:10
LH:5
end_of_record
TN:
SF:/Users/guilherme/.derivedData/Debug/SourcePackages/checkouts/swift-clocks/Sources/Clocks/Internal/_AsyncTimerSequence.swift
FNL:0,27
FNA:0,0,$s6Clocks19_AsyncTimerSequenceV8IteratorV8interval9tolerance5clockAEyx_G8DurationQz_AKSgxtcfC
FNL:1,33
FNA:1,0,$s6Clocks19_AsyncTimerSequenceV8IteratorV12nextDeadliney7InstantQzxF
FNL:2,35
FNA:2,0,$s6Clocks19_AsyncTimerSequenceV8IteratorV12nextDeadliney7InstantQzxFAHyKXEfu_
FNL:3,45
FNA:3,0,$s6Clocks19_AsyncTimerSequenceV8IteratorV4next7InstantQzSgyYaF
FNL:4,67
FNA:4,0,$s6Clocks19_AsyncTimerSequenceV8interval9tolerance5clockACyxG8DurationQz_AISgxtcfC
FNL:5,73
FNA:5,0,$s6Clocks19_AsyncTimerSequenceV04makeB8IteratorAC0F0Vyx_GyF
FNF:6
FNH:0
DA:27,0
DA:28,0
DA:29,0
DA:30,0
DA:31,0
DA:33,0
DA:34,0
DA:35,0
DA:36,0
DA:37,0
DA:38,0
DA:39,0
DA:40,0
DA:41,0
DA:42,0
DA:43,0
DA:45,0
DA:46,0
DA:47,0
DA:48,0
DA:49,0
DA:50,0
DA:51,0
DA:52,0
DA:53,0
DA:54,0
DA:55,0
DA:56,0
DA:57,0
DA:58,0
DA:59,0
DA:67,0
DA:68,0
DA:69,0
DA:70,0
DA:71,0
DA:73,0
DA:74,0
DA:75,0
LF:39
LH:0
end_of_record
TN:
SF:/Users/guilherme/.derivedData/Debug/SourcePackages/checkouts/swift-clocks/Sources/Clocks/SwiftUI.swift
FNL:0,12
FNA:0,0,$s7SwiftUI17EnvironmentValuesV6ClocksE15suspendingClocks0G0_ps8DurationVAGsAFPRts_XPvg
FNL:1,13
FNA:1,0,$s7SwiftUI17EnvironmentValuesV6ClocksE15suspendingClocks0G0_ps8DurationVAGsAFPRts_XPvs
FNL:2,7
FNA:2,0,$s7SwiftUI17EnvironmentValuesV6ClocksE15continuousClocks0G0_ps8DurationVAGsAFPRts_XPvg
FNL:3,8
FNA:3,0,$s7SwiftUI17EnvironmentValuesV6ClocksE15continuousClocks0G0_ps8DurationVAGsAFPRts_XPvs
FNF:4
FNH:0
DA:7,0
DA:8,0
DA:12,0
DA:13,0
LF:4
LH:0
end_of_record
TN:
SF:/Users/guilherme/.derivedData/Debug/SourcePackages/checkouts/swift-clocks/Sources/Clocks/TestClock.swift
FNL:0,103
FNA:0,15,$s6Clocks9TestClockC5sleep5until9toleranceyAC7InstantVyx_G_xSgtYaKF
FNL:1,107
FNA:1,14,$s6Clocks9TestClockC5sleep5until9toleranceyAC7InstantVyx_G_xSgtYaKFScsys5NeverOs5Error_pGSgyXEfU_
FNL:2,112
FNA:2,14,$s6Clocks9TestClockC5sleep5until9toleranceyAC7InstantVyx_G_xSgtYaKFScsys5NeverOs5Error_pGSgyXEfU_yScs12ContinuationVyALsAM_p_GXEfU_
FNL:3,121
FNA:3,7,$s6Clocks9TestClockC5sleep5until9toleranceyAC7InstantVyx_G_xSgtYaKFyyXEfU0_
FNA:3,9,$s6Clocks9TestClockC5sleep5until9toleranceyAC7InstantVyx_G_xSgtYaKFyyXEfU0_Sb10Foundation4UUIDV2id_AI8deadlineScs12ContinuationVys5NeverOs5Error_p_G12continuationt_tXEfU_
FNL:4,152
FNA:4,0,$s6Clocks9TestClockC15checkSuspensionyyYaKF
FNL:5,154
FNA:5,0,$s6Clocks9TestClockC15checkSuspensionyyYaKFSbyXEfU_
FNL:6,161
FNA:6,6,$s6Clocks9TestClockC7advance2byyx_tYaF
FNL:7,162
FNA:7,6,$s6Clocks9TestClockC7advance2byyx_tYaFAC7InstantVyx_GyXEfU_
FNL:8,168
FNA:8,6,$s6Clocks9TestClockC7advance2toyAC7InstantVyx_G_tYaF
FNL:9,169
FNA:9,13,$s6Clocks9TestClockC7advance2toyAC7InstantVyx_G_tYaFSbyXEfU_
FNL:10,171
FNA:10,13,$s6Clocks9TestClockC7advance2toyAC7InstantVyx_G_tYaFSbyXEfU0_
FNL:11,173
FNA:11,1,$s6Clocks9TestClockC7advance2toyAC7InstantVyx_G_tYaFSbyXEfU0_Sb10Foundation4UUIDV2id_AH8deadlineScs12ContinuationVys5NeverOs5Error_p_G12continuationt_AkL_AhmsTttXEfU_
FNL:12,232
FNA:12,0,$s6Clocks9TestClockC3run7timeout6fileID0F4Path4line6columnys8DurationV_s12StaticStringVAMS2utYaF
FNL:13,234
FNA:13,0,$s6Clocks9TestClockC3run7timeout6fileID0F4Path4line6columnys8DurationV_s12StaticStringVAMS2utYaFyScgyyts5Error_pGzYaKXEfU_
FNL:14,235
FNA:14,0,$s6Clocks9TestClockC3run7timeout6fileID0F4Path4line6columnys8DurationV_s12StaticStringVAMS2utYaFyScgyyts5Error_pGzYaKXEfU_yyYaKcfU_
FNL:15,242
FNA:15,0,$s6Clocks9TestClockC3run7timeout6fileID0F4Path4line6columnys8DurationV_s12StaticStringVAMS2utYaFyScgyyts5Error_pGzYaKXEfU_yyYaKcfU0_
FNL:16,244
FNA:16,0,$s6Clocks9TestClockC3run7timeout6fileID0F4Path4line6columnys8DurationV_s12StaticStringVAMS2utYaFyScgyyts5Error_pGzYaKXEfU_yyYaKcfU0_AC7InstantVyx_GSgyXEfU_
FNL:17,246
FNA:17,0,$s6Clocks9TestClockC3run7timeout6fileID0F4Path4line6columnys8DurationV_s12StaticStringVAMS2utYaFyScgyyts5Error_pGzYaKXEfU_yyYaKcfU0_xyXEfU0_
FNL:18,254
FNA:18,0,$s6Clocks9TestClockC3run7timeout6fileID0F4Path4line6columnys8DurationV_s12StaticStringVAMS2utYaFSSSgyXEfu_
FNL:19,280
FNA:19,8,$s6Clocks9TestClockCAAs8DurationVRszrlEACyAEGycfC
FNL:20,71
FNA:20,29,$s6Clocks9TestClockC7InstantV6offsetAEyx_Gx_tcfC
FNL:21,75
FNA:21,21,$s6Clocks9TestClockC7InstantV8advanced2byAEyx_Gx_tF
FNL:22,79
FNA:22,0,$s6Clocks9TestClockC7InstantV8duration2toxAEyx_G_tF
FNL:23,83
FNA:23,41,$s6Clocks9TestClockC7InstantV1loiySbAEyx_G_AGtFZ
FNL:24,88
FNA:24,8,$s6Clocks9TestClockC17minimumResolutionxvpfi
FNL:25,91
FNA:25,8,$s6Clocks9TestClockC4lock027_EEE0C7BBA65602F2DA8FFCB802H4BDC5LLSo15NSRecursiveLockCvpfi
FNL:26,97
FNA:26,8,$s6Clocks9TestClockC11suspensions027_EEE0C7BBA65602F2DA8FFCB802H4BDC5LLSay10Foundation4UUIDV2id_AC7InstantVyx_G8deadlineScs12ContinuationVys5NeverOs5Error_p_G12continuationtGvpfi
FNL:27,99
FNA:27,8,$s6Clocks9TestClockC3nowACyxGAC7InstantVyx_G_tcfc
FNF:28
FNH:18
DA:71,29
DA:72,29
DA:73,29
DA:75,21
DA:76,21
DA:77,21
DA:79,0
DA:80,0
DA:81,0
DA:83,41
DA:84,41
DA:85,41
DA:88,8
DA:91,8
DA:97,8
DA:99,8
DA:100,8
DA:101,8
DA:103,15
DA:104,15
DA:105,14
DA:106,14
DA:107,14
DA:108,14
DA:109,14
DA:110,0
DA:111,14
DA:112,14
DA:113,14
DA:114,14
DA:115,14
DA:116,14
DA:117,14
DA:118,14
DA:119,14
DA:120,7
DA:121,9
DA:122,7
DA:123,7
DA:124,0
DA:125,7
DA:126,7
DA:152,0
DA:153,0
DA:154,0
DA:155,0
DA:156,0
DA:161,6
DA:162,6
DA:163,6
DA:168,6
DA:169,13
DA:170,13
DA:171,13
DA:172,13
DA:173,13
DA:174,13
DA:175,13
DA:176,13
DA:177,13
DA:178,13
DA:179,6
DA:180,6
DA:181,6
DA:182,7
DA:183,7
DA:184,7
DA:185,7
DA:186,7
DA:187,7
DA:188,7
DA:189,13
DA:190,13
DA:191,13
DA:192,6
DA:193,6
DA:194,7
DA:195,7
DA:196,0
DA:197,0
DA:232,0
DA:233,0
DA:234,0
DA:235,0
DA:236,0
DA:237,0
DA:238,0
DA:239,0
DA:240,0
DA:241,0
DA:242,0
DA:243,0
DA:244,0
DA:245,0
DA:246,0
DA:247,0
DA:248,0
DA:249,0
DA:250,0
DA:251,0
DA:252,0
DA:253,0
DA:254,0
DA:255,0
DA:256,0
DA:257,0
DA:258,0
DA:259,0
DA:260,0
DA:261,0
DA:262,0
DA:263,0
DA:264,0
DA:265,0
DA:266,0
DA:267,0
DA:268,0
DA:269,0
DA:280,8
DA:281,8
DA:282,8
LF:121
LH:71
end_of_record
TN:
SF:/Users/guilherme/.derivedData/Debug/SourcePackages/checkouts/swift-clocks/Sources/Clocks/Timer.swift
FNL:0,8
FNA:0,0,$ss5ClockP6ClocksSH8DurationRpzrlE5timer8interval9toleranceAC19_AsyncTimerSequenceVyAC03AnyA0CyAEGGAE_AESgtF
FNF:1
FNH:0
DA:8,0
DA:9,0
DA:10,0
LF:3
LH:0
end_of_record
TN:
SF:/Users/guilherme/.derivedData/Debug/SourcePackages/checkouts/swift-clocks/Sources/Clocks/UnimplementedClock.swift
FNL:0,115
FNA:0,0,$s6Clocks18UnimplementedClockV4name3now6fileID0F4Path4line6columnACyxGSS_AA09ImmediateC0C7InstantVyx_Gs12StaticStringVAQS2utcfC
FNL:1,126
FNA:1,0,$s6Clocks18UnimplementedClockV3nowAC7InstantVyx_Gvg
FNL:2,128
FNA:2,0,$s6Clocks18UnimplementedClockV3nowAC7InstantVyx_GvgSSSgyXEfu_
FNL:3,137
FNA:3,0,$s6Clocks18UnimplementedClockV17minimumResolutionxvg
FNL:4,139
FNA:4,0,$s6Clocks18UnimplementedClockV17minimumResolutionxvgSSSgyXEfu_
FNL:5,148
FNA:5,0,$s6Clocks18UnimplementedClockV5sleep5until9toleranceyAC7InstantVyx_G_xSgtYaKF
FNL:6,150
FNA:6,0,$s6Clocks18UnimplementedClockV5sleep5until9toleranceyAC7InstantVyx_G_xSgtYaKFSSSgyXEfu_
FNL:7,162
FNA:7,0,$s6Clocks18UnimplementedClockVAAs8DurationVRszrlE4nameACyAEGSS_tcfC
FNL:8,190
FNA:8,0,$ss5ClockP6ClocksAC013UnimplementedA0Vys8DurationVGRszrlE13unimplemented6fileID0F4Path4line6columnAHs12StaticStringV_AOS2utFZ
FNL:9,72
FNA:9,0,$s6Clocks18UnimplementedClockV7InstantV8advanced2byAEyx_Gx_tF
FNL:10,76
FNA:10,0,$s6Clocks18UnimplementedClockV7InstantV8duration2toxAEyx_G_tF
FNL:11,80
FNA:11,0,$s6Clocks18UnimplementedClockV7InstantV1loiySbAEyx_G_AGtFZ
FNL:12,99
FNA:12,0,$s6Clocks18UnimplementedClockV_4name6fileID0E4Path4line6columnACyxGqd___SSs12StaticStringVAKS2utc8DurationQyd__Rszs0C0Rd__lufC
FNF:13
FNH:0
DA:72,0
DA:73,0
DA:74,0
DA:76,0
DA:77,0
DA:78,0
DA:80,0
DA:81,0
DA:82,0
DA:99,0
DA:100,0
DA:101,0
DA:102,0
DA:103,0
DA:104,0
DA:105,0
DA:106,0
DA:115,0
DA:116,0
DA:117,0
DA:118,0
DA:119,0
DA:120,0
DA:121,0
DA:122,0
DA:123,0
DA:124,0
DA:126,0
DA:127,0
DA:128,0
DA:129,0
DA:130,0
DA:131,0
DA:132,0
DA:133,0
DA:134,0
DA:135,0
DA:137,0
DA:138,0
DA:139,0
DA:140,0
DA:141,0
DA:142,0
DA:143,0
DA:144,0
DA:145,0
DA:146,0
DA:148,0
DA:149,0
DA:150,0
DA:151,0
DA:152,0
DA:153,0
DA:154,0
DA:155,0
DA:156,0
DA:157,0
DA:162,0
DA:163,0
DA:164,0
DA:190,0
DA:191,0
DA:192,0
LF:63
LH:0
end_of_record
TN:
SF:/Users/guilherme/.derivedData/Debug/SourcePackages/checkouts/swift-concurrency-extras/Sources/ConcurrencyExtras/ActorIsolated.swift
FNL:0,110
FNA:0,0,$s17ConcurrencyExtras13ActorIsolatedC8setValueyyxyYbKXKKF
FNL:1,51
FNA:1,1,$s17ConcurrencyExtras13ActorIsolatedCyACyxGxyYbKXKKcfc
FNL:2,87
FNA:2,32,$s17ConcurrencyExtras13ActorIsolatedC9withValueyqd__qd__xzYbKXEKlF
FNF:3
FNH:2
DA:51,1
DA:52,1
DA:53,1
DA:87,32
DA:88,32
DA:89,32
DA:90,32
DA:91,32
DA:110,0
DA:111,0
DA:112,0
LF:11
LH:8
end_of_record
TN:
SF:/Users/guilherme/.derivedData/Debug/SourcePackages/checkouts/swift-concurrency-extras/Sources/ConcurrencyExtras/AnyHashableSendable.swift
FNL:0,10
FNA:0,0,$s17ConcurrencyExtras19AnyHashableSendableVyACSH_s0E0pcfC
FNL:1,15
FNA:1,0,$s17ConcurrencyExtras19AnyHashableSendableVyACxcSHRzs0E0RzlufC
FNL:2,23
FNA:2,0,$s17ConcurrencyExtras19AnyHashableSendableV2eeoiySbAC_ACtFZ
FNL:3,27
FNA:3,0,$s17ConcurrencyExtras19AnyHashableSendableV4hash4intoys6HasherVz_tF
FNL:4,33
FNA:4,0,$s17ConcurrencyExtras19AnyHashableSendableV16debugDescriptionSSvg
FNL:5,39
FNA:5,0,$s17ConcurrencyExtras19AnyHashableSendableV12customMirrors0G0Vvg
FNL:6,45
FNA:6,0,$s17ConcurrencyExtras19AnyHashableSendableV11descriptionSSvg
FNL:7,51
FNA:7,0,$s17ConcurrencyExtras19AnyHashableSendableV09_toCustomcD0s0cD0VSgyF
FNL:8,57
FNA:8,0,$s17ConcurrencyExtras19AnyHashableSendableV14booleanLiteralACSb_tcfC
FNL:9,63
FNA:9,0,$s17ConcurrencyExtras19AnyHashableSendableV12floatLiteralACSd_tcfC
FNL:10,69
FNA:10,0,$s17ConcurrencyExtras19AnyHashableSendableV14integerLiteralACSi_tcfC
FNL:11,75
FNA:11,0,$s17ConcurrencyExtras19AnyHashableSendableV13stringLiteralACSS_tcfC
FNF:12
FNH:0
DA:10,0
DA:11,0
DA:12,0
DA:15,0
DA:16,0
DA:17,0
DA:18,0
DA:19,0
DA:20,0
DA:21,0
DA:23,0
DA:24,0
DA:25,0
DA:27,0
DA:28,0
DA:29,0
DA:33,0
DA:34,0
DA:35,0
DA:39,0
DA:40,0
DA:41,0
DA:45,0
DA:46,0
DA:47,0
DA:51,0
DA:52,0
DA:53,0
DA:57,0
DA:58,0
DA:59,0
DA:63,0
DA:64,0
DA:65,0
DA:69,0
DA:70,0
DA:71,0
DA:75,0
DA:76,0
DA:77,0
LF:40
LH:0
end_of_record
TN:
SF:/Users/guilherme/.derivedData/Debug/SourcePackages/checkouts/swift-concurrency-extras/Sources/ConcurrencyExtras/AsyncStream.swift
FNL:0,103
FNA:0,0,$sSci17ConcurrencyExtrasE13eraseToStreamScSy7ElementQzGys8SendableRzrlF
FNL:1,112
FNA:1,0,$sSci17ConcurrencyExtrasE13eraseToStreamScSy7ElementQzGyF
FNL:2,61
FNA:2,0,$sScS17ConcurrencyExtrasEyScSyxGqd__c7ElementQyd__Rszs8SendableRd__SciRd__lufC
FNL:3,64
FNA:3,0,$sScS17ConcurrencyExtrasEyScSyxGqd__c7ElementQyd__Rszs8SendableRd__SciRd__lufcxSgyYaYbcfU_
FNL:4,65
FNA:4,0,$sScS17ConcurrencyExtrasEyScSyxGqd__c7ElementQyd__Rszs8SendableRd__SciRd__lufcxSgyYaYbcfU_yyXEfU_
FNL:5,79
FNA:5,0,$sScS17ConcurrencyExtrasEyScSyxGqd__c7ElementQyd__RszSciRd__lufC
FNL:6,84
FNA:6,0,$sScS17ConcurrencyExtrasE5neverScSyxGvgZ
FNL:7,85
FNA:7,0,$sScS17ConcurrencyExtrasE5neverScSyxGvgZyScS12ContinuationVyx_GXEfU_
FNL:8,89
FNA:8,0,$sScS17ConcurrencyExtrasE8finishedScSyxGvgZ
FNL:9,90
FNA:9,0,$sScS17ConcurrencyExtrasE8finishedScSyxGvgZyScS12ContinuationVyx_GXEfU_
FNF:10
FNH:0
DA:61,0
DA:62,0
DA:63,0
DA:64,0
DA:65,0
DA:66,0
DA:67,0
DA:68,0
DA:69,0
DA:70,0
DA:71,0
DA:72,0
DA:79,0
DA:80,0
DA:81,0
DA:84,0
DA:85,0
DA:86,0
DA:89,0
DA:90,0
DA:91,0
DA:103,0
DA:104,0
DA:105,0
DA:112,0
DA:113,0
DA:114,0
LF:27
LH:0
end_of_record
TN:
SF:/Users/guilherme/.derivedData/Debug/SourcePackages/checkouts/swift-concurrency-extras/Sources/ConcurrencyExtras/AsyncThrowingStream.swift
FNL:0,16
FNA:0,0,$sScs17ConcurrencyExtrass5Error_pRs_rlEyScsyxsAB_pGqd__c7ElementQyd__Rszs8SendableRd__SciRd__lufC
FNL:1,19
FNA:1,0,$sScs17ConcurrencyExtrass5Error_pRs_rlEyScsyxsAB_pGqd__c7ElementQyd__Rszs8SendableRd__SciRd__lufcxSgyYaYbKcfU_
FNL:2,20
FNA:2,0,$sScs17ConcurrencyExtrass5Error_pRs_rlEyScsyxsAB_pGqd__c7ElementQyd__Rszs8SendableRd__SciRd__lufcxSgyYaYbKcfU_yyXEfU_
FNL:3,34
FNA:3,0,$sScs17ConcurrencyExtrass5Error_pRs_rlEyScsyxsAB_pGqd__c7ElementQyd__RszSciRd__lufC
FNL:4,39
FNA:4,0,$sScs17ConcurrencyExtrass5Error_pRs_rlE5neverScsyxsAB_pGvgZ
FNL:5,40
FNA:5,0,$sScs17ConcurrencyExtrass5Error_pRs_rlE5neverScsyxsAB_pGvgZyScs12ContinuationVyxsAB_p_GXEfU_
FNL:6,46
FNA:6,0,$sScs17ConcurrencyExtrass5Error_pRs_rlE8finished8throwingScsyxsAB_pGsAB_pSg_tFZ
FNL:7,47
FNA:7,0,$sScs17ConcurrencyExtrass5Error_pRs_rlE8finished8throwingScsyxsAB_pGsAB_pSg_tFZyScs12ContinuationVyxsAB_p_GXEfU_
FNL:8,62
FNA:8,0,$sSci17ConcurrencyExtrasE21eraseToThrowingStreamScsy7ElementQzs5Error_pGys8SendableRzrlF
FNL:9,71
FNA:9,0,$sSci17ConcurrencyExtrasE21eraseToThrowingStreamScsy7ElementQzs5Error_pGyF
FNF:10
FNH:0
DA:16,0
DA:17,0
DA:18,0
DA:19,0
DA:20,0
DA:21,0
DA:22,0
DA:23,0
DA:24,0
DA:25,0
DA:26,0
DA:27,0
DA:34,0
DA:35,0
DA:36,0
DA:39,0
DA:40,0
DA:41,0
DA:46,0
DA:47,0
DA:48,0
DA:62,0
DA:63,0
DA:64,0
DA:71,0
DA:72,0
DA:73,0
LF:27
LH:0
end_of_record
TN:
SF:/Users/guilherme/.derivedData/Debug/SourcePackages/checkouts/swift-concurrency-extras/Sources/ConcurrencyExtras/Internal/UncheckedBox.swift
FNL:0,3
FNA:0,0,$s17ConcurrencyExtras12UncheckedBoxC12wrappedValueACyxGx_tcfc
FNF:1
FNH:0
DA:3,0
DA:4,0
DA:5,0
LF:3
LH:0
end_of_record
TN:
SF:/Users/guilherme/.derivedData/Debug/SourcePackages/checkouts/swift-concurrency-extras/Sources/ConcurrencyExtras/LockIsolated.swift
FNL:0,10
FNA:0,332,$s17ConcurrencyExtras12LockIsolatedC4lock031_925D2A1CDA49BC3CA025D16A9F69B2N0LLSo011NSRecursiveC0Cvpfi
FNL:1,114
FNA:1,2017,$sSo15NSRecursiveLockC17ConcurrencyExtrasE4sync4workxxyKXE_tKlF
FNL:2,15
FNA:2,332,$s17ConcurrencyExtras12LockIsolatedCyACyxGxyYbKXKKcfc
FNL:3,19
FNA:3,1048,$s17ConcurrencyExtras12LockIsolatedC13dynamicMemberqd__s7KeyPathCyxqd__G_tcs8SendableRd__luig
FNL:4,20
FNA:4,1048,$s17ConcurrencyExtras12LockIsolatedC13dynamicMemberqd__s7KeyPathCyxqd__G_tcs8SendableRd__luigqd__yXEfU_
FNL:5,43
FNA:5,607,$s17ConcurrencyExtras12LockIsolatedC9withValueyqd__qd__xzYbKXEKs8SendableRd__lF
FNL:6,44
FNA:6,607,$s17ConcurrencyExtras12LockIsolatedC9withValueyqd__qd__xzYbKXEKs8SendableRd__lFqd__yKXEfU_
FNL:7,80
FNA:7,22,$s17ConcurrencyExtras12LockIsolatedC8setValueyyxyYbKXKKF
FNL:8,81
FNA:8,22,$s17ConcurrencyExtras12LockIsolatedC8setValueyyxyYbKXKKFyyKXEfU_
FNL:9,89
FNA:9,340,$s17ConcurrencyExtras12LockIsolatedCAAs8SendableRzlE5valuexvg
FNL:10,90
FNA:10,340,$s17ConcurrencyExtras12LockIsolatedCAAs8SendableRzlE5valuexvgxyXEfU_
FNF:11
FNH:11
DA:10,332
DA:15,332
DA:16,332
DA:17,332
DA:19,1048
DA:20,1048
DA:21,1048
DA:22,1048
DA:23,1048
DA:43,607
DA:44,607
DA:45,607
DA:46,607
DA:47,607
DA:48,607
DA:49,607
DA:80,22
DA:81,22
DA:82,22
DA:83,22
DA:84,22
DA:89,340
DA:90,340
DA:91,340
DA:92,340
DA:93,340
DA:114,2017
DA:115,2017
DA:116,2017
DA:117,2017
DA:118,2017
LF:31
LH:31
end_of_record
TN:
SF:/Users/guilherme/.derivedData/Debug/SourcePackages/checkouts/swift-concurrency-extras/Sources/ConcurrencyExtras/MainSerialExecutor.swift
FNL:0,34
FNA:0,0,$s17ConcurrencyExtras22withMainSerialExecutor9operationyyyYaKYAXE_tYaKF
FNL:1,70
FNA:1,26,$s17ConcurrencyExtras22withMainSerialExecutor9operationyyyKXE_tKF
FNL:2,83
FNA:2,26,$s17ConcurrencyExtras30uncheckedUseMainSerialExecutorSbvg
FNL:3,84
FNA:3,52,$s17ConcurrencyExtras30uncheckedUseMainSerialExecutorSbvs
FNL:4,87
FNA:4,4759,$s17ConcurrencyExtras30uncheckedUseMainSerialExecutorSbvsyScJ_yScJXftcfU_
FNL:5,96
FNA:5,26,$s17ConcurrencyExtras29swift_task_enqueueGlobal_hook33_00D6E06443C6D3D42EC81FC8A30F3C99LLyScJ_yScJXftXfSgvg
FNL:6,97
FNA:6,52,$s17ConcurrencyExtras29swift_task_enqueueGlobal_hook33_00D6E06443C6D3D42EC81FC8A30F3C99LLyScJ_yScJXftXfSgvs
FNF:7
FNH:6
DA:34,0
DA:35,0
DA:36,0
DA:37,0
DA:38,0
DA:39,0
DA:70,26
DA:71,26
DA:72,26
DA:73,26
DA:74,26
DA:75,26
DA:83,26
DA:84,52
DA:85,52
DA:86,52
DA:87,4785
DA:88,52
DA:89,52
DA:96,26
DA:97,52
LF:21
LH:15
end_of_record
TN:
SF:/Users/guilherme/.derivedData/Debug/SourcePackages/checkouts/swift-concurrency-extras/Sources/ConcurrencyExtras/Result.swift
FNL:0,7
FNA:0,0,$ss6ResultO17ConcurrencyExtrass5Error_pRs_rlE8catchingAByxsAD_pGxyYaKXE_tYacfC
FNF:1
FNH:0
DA:7,0
DA:8,0
DA:9,0
DA:10,0
DA:11,0
DA:12,0
DA:13,0
LF:7
LH:0
end_of_record
TN:
SF:/Users/guilherme/.derivedData/Debug/SourcePackages/checkouts/swift-concurrency-extras/Sources/ConcurrencyExtras/Task.swift
FNL:0,15
FNA:0,25,$sScT17ConcurrencyExtrass5NeverORszACRs_rlE9megaYield5countySi_tYaFZ
FNL:1,22
FNA:1,500,$sScT17ConcurrencyExtrass5NeverORszACRs_rlE9megaYield5countySi_tYaFZyyYacfU_
FNL:2,33
FNA:2,0,$s17ConcurrencyExtras22_defaultMegaYieldCountSivpfiSiSgSScfu_
FNA:2,2,$s17ConcurrencyExtras22_defaultMegaYieldCountSivpfiSiyKXEfu0_
FNL:3,40
FNA:3,0,$sScT17ConcurrencyExtrass5NeverORs_rlE5neverxyYaKFZ
FNL:4,50
FNA:4,0,$sScT17ConcurrencyExtrass5NeverORszACRs_rlE5neveryyYaKFZ
FNL:5,61
FNA:5,0,$sScT17ConcurrencyExtrass5NeverORs_rlE16cancellableValuexvg
FNL:6,62
FNA:6,0,$sScT17ConcurrencyExtrass5NeverORs_rlE16cancellableValuexvgxyYaXEfU_
FNL:7,64
FNA:7,0,$sScT17ConcurrencyExtrass5NeverORs_rlE16cancellableValuexvgyyYbXEfU0_
FNL:8,76
FNA:8,0,$sScT17ConcurrencyExtrass5Error_pRs_rlE16cancellableValuexvg
FNL:9,77
FNA:9,0,$sScT17ConcurrencyExtrass5Error_pRs_rlE16cancellableValuexvgxyYaKXEfU_
FNL:10,79
FNA:10,0,$sScT17ConcurrencyExtrass5Error_pRs_rlE16cancellableValuexvgyyYbXEfU0_
FNF:11
FNH:3
DA:15,25
DA:16,25
DA:17,25
DA:18,25
DA:19,25
DA:20,25
DA:21,500
DA:22,500
DA:23,500
DA:24,25
DA:33,2
DA:40,0
DA:41,0
DA:42,0
DA:43,0
DA:44,0
DA:45,0
DA:50,0
DA:51,0
DA:52,0
DA:53,0
DA:61,0
DA:62,0
DA:63,0
DA:64,0
DA:65,0
DA:66,0
DA:67,0
DA:76,0
DA:77,0
DA:78,0
DA:79,0
DA:80,0
DA:81,0
DA:82,0
LF:35
LH:11
end_of_record
TN:
SF:/Users/guilherme/.derivedData/Debug/SourcePackages/checkouts/swift-concurrency-extras/Sources/ConcurrencyExtras/UncheckedSendable.swift
FNL:0,111
FNA:0,0,$s17ConcurrencyExtras17UncheckedSendableVAASERzlE6encode2toys7Encoder_p_tKF
FNL:1,30
FNA:1,9,$s17ConcurrencyExtras17UncheckedSendableVyACyxGxcfC
FNL:2,34
FNA:2,0,$s17ConcurrencyExtras17UncheckedSendableV12wrappedValueACyxGx_tcfC
FNL:3,39
FNA:3,78,$s17ConcurrencyExtras17UncheckedSendableV12wrappedValuexvr
FNL:4,40
FNA:4,0,$s17ConcurrencyExtras17UncheckedSendableV12wrappedValuexvM
FNL:5,44
FNA:5,0,$s17ConcurrencyExtras17UncheckedSendableV14projectedValueACyxGvg
FNL:6,45
FNA:6,0,$s17ConcurrencyExtras17UncheckedSendableV14projectedValueACyxGvs
FNL:7,48
FNA:7,0,$s17ConcurrencyExtras17UncheckedSendableV13dynamicMemberqd__s7KeyPathCyxqd__G_tcluig
FNL:8,53
FNA:8,0,$s17ConcurrencyExtras17UncheckedSendableV13dynamicMemberqd__s15WritableKeyPathCyxqd__G_tcluir
FNL:9,54
FNA:9,0,$s17ConcurrencyExtras17UncheckedSendableV13dynamicMemberqd__s15WritableKeyPathCyxqd__G_tcluiM
FNL:10,62
FNA:10,0,$s17ConcurrencyExtras17UncheckedSendableVAASciRzlE17makeAsyncIterator0fG0QzyF
FNL:11,93
FNA:11,0,$s17ConcurrencyExtras17UncheckedSendableVAASeRzlE4fromACyxGs7Decoder_p_tKcfC
FNF:12
FNH:2
DA:30,9
DA:31,9
DA:32,9
DA:34,0
DA:35,0
DA:36,0
DA:39,78
DA:40,0
DA:44,0
DA:45,0
DA:48,0
DA:49,0
DA:50,0
DA:53,0
DA:54,0
DA:62,0
DA:63,0
DA:64,0
DA:93,0
DA:94,0
DA:95,0
DA:96,0
DA:97,0
DA:98,0
DA:99,0
DA:100,0
DA:111,0
DA:112,0
DA:113,0
DA:114,0
DA:115,0
DA:116,0
DA:117,0
DA:118,0
LF:34
LH:4
end_of_record
TN:
SF:/Users/guilherme/.derivedData/Debug/SourcePackages/checkouts/swift-crypto/Sources/Crypto/Util/BoringSSL/SafeCompare_boring.swift
FNL:0,19
FNA:0,0,$s6Crypto18openSSLSafeCompareySbx_q_t10Foundation15ContiguousBytesRzAcDR_r0_lF
FNL:1,20
FNA:1,0,$s6Crypto18openSSLSafeCompareySbx_q_t10Foundation15ContiguousBytesRzAcDR_r0_lFSbSWXEfU_
FNL:2,21
FNA:2,0,$s6Crypto18openSSLSafeCompareySbx_q_t10Foundation15ContiguousBytesRzAcDR_r0_lFSbSWXEfU_SbSWXEfU_
FNL:3,29
FNA:3,0,$s6Crypto19constantTimeCompareySbx_q_tSlRzSlR_s5UInt8V7ElementRtzAdERt_r0_lF
FNL:4,34
FNA:4,0,$s6Crypto19constantTimeCompareySbx_q_tSlRzSlR_s5UInt8V7ElementRtzAdERt_r0_lFyADz_AD_ADttXEfU_
FNF:5
FNH:0
DA:19,0
DA:20,0
DA:21,0
DA:22,0
DA:23,0
DA:24,0
DA:25,0
DA:29,0
DA:30,0
DA:31,0
DA:32,0
DA:33,0
DA:34,0
DA:35,0
LF:14
LH:0
end_of_record
TN:
SF:/Users/guilherme/.derivedData/Debug/SourcePackages/checkouts/swift-crypto/Sources/Crypto/Util/PrettyBytes.swift
FNL:0,24
FNA:0,0,$s6Crypto4itoh33_027628503DB3F387FC04E1EC2CD80794LLys5UInt8VAEF
FNL:1,28
FNA:1,0,$s6Crypto4htoi33_027628503DB3F387FC04E1EC2CD80794LLys5UInt8VAEKF
FNL:2,40
FNA:2,0,$s10Foundation12DataProtocolP6CryptoE9hexStringSSvg
FNL:3,45
FNA:3,0,$s10Foundation12DataProtocolP6CryptoE9hexStringSSvgy7Regions_7ElementQZXEfU_
FNL:4,58
FNA:4,0,$s10Foundation19MutableDataProtocolP6CryptoE10appendByteyys6UInt64VF
FNL:5,59
FNA:5,0,$s10Foundation19MutableDataProtocolP6CryptoE10appendByteyys6UInt64VFySPyAGGXEfU_
FNL:6,64
FNA:6,0,$s10Foundation4DataV6CryptoE9hexStringACSS_tKcfC
FNL:7,67
FNA:7,0,$s10Foundation4DataV6CryptoE9hexStringACSS_tKcfcSbyKXEfu_
FNL:8,83
FNA:8,0,$sSa6Cryptos5UInt8VRszlE9hexStringSayACGSS_tKcfC
FNF:9
FNH:0
DA:24,0
DA:25,0
DA:26,0
DA:28,0
DA:29,0
DA:30,0
DA:31,0
DA:32,0
DA:33,0
DA:34,0
DA:35,0
DA:36,0
DA:37,0
DA:40,0
DA:41,0
DA:42,0
DA:43,0
DA:44,0
DA:45,0
DA:46,0
DA:47,0
DA:48,0
DA:49,0
DA:50,0
DA:51,0
DA:52,0
DA:53,0
DA:54,0
DA:58,0
DA:59,0
DA:60,0
DA:64,0
DA:65,0
DA:66,0
DA:67,0
DA:68,0
DA:69,0
DA:70,0
DA:71,0
DA:72,0
DA:73,0
DA:74,0
DA:75,0
DA:76,0
DA:77,0
DA:78,0
DA:79,0
DA:83,0
DA:84,0
DA:85,0
DA:86,0
DA:87,0
DA:88,0
DA:89,0
DA:90,0
DA:91,0
DA:92,0
DA:93,0
DA:94,0
DA:95,0
DA:96,0
DA:97,0
DA:98,0
LF:63
LH:0
end_of_record
TN:
SF:/Users/guilherme/.derivedData/Debug/SourcePackages/checkouts/swift-custom-dump/Sources/CustomDump/Conformances/CoreImage.swift
FNL:0,24
FNA:0,0,$sSo26CIDataMatrixCodeECCVersionV10CustomDumpE06customF11DescriptionSSvg
FNL:1,47
FNA:1,0,$sSo28CIRenderDestinationAlphaModeV10CustomDumpE06customF11DescriptionSSvg
FNL:2,6
FNA:2,0,$sSo28CIQRCodeErrorCorrectionLevelV10CustomDumpE06customF11DescriptionSSvg
FNF:3
FNH:0
DA:6,0
DA:7,0
DA:8,0
DA:9,0
DA:10,0
DA:11,0
DA:12,0
DA:13,0
DA:14,0
DA:15,0
DA:16,0
DA:17,0
DA:18,0
DA:19,0
DA:20,0
DA:24,0
DA:25,0
DA:26,0
DA:27,0
DA:28,0
DA:29,0
DA:30,0
DA:31,0
DA:32,0
DA:33,0
DA:34,0
DA:35,0
DA:36,0
DA:37,0
DA:38,0
DA:39,0
DA:40,0
DA:41,0
DA:42,0
DA:43,0
DA:47,0
DA:48,0
DA:49,0
DA:50,0
DA:51,0
DA:52,0
DA:53,0
DA:54,0
DA:55,0
DA:56,0
DA:57,0
DA:58,0
LF:47
LH:0
end_of_record
TN:
SF:/Users/guilherme/.derivedData/Debug/SourcePackages/checkouts/swift-custom-dump/Sources/CustomDump/Conformances/CoreLocation.swift
FNL:0,129
FNA:0,0,$sSo13CLRegionStateV10CustomDumpE06customD11DescriptionSSvg
FNL:1,20
FNA:1,0,$sSo14CLActivityTypeV10CustomDumpE06customD11DescriptionSSvg
FNL:2,39
FNA:2,0,$sSo21CLAuthorizationStatusV10CustomDumpE06customD11DescriptionSSvg
FNL:3,58
FNA:3,0,$sSo19CLDeviceOrientationV10CustomDumpE06customD11DescriptionSSvg
FNL:4,6
FNA:4,0,$sSo23CLAccuracyAuthorizationV10CustomDumpE06customD11DescriptionSSvg
FNL:5,86
FNA:5,0,$sSo11CLProximityV10CustomDumpE06customC11DescriptionSSvg
FNF:6
FNH:0
DA:6,0
DA:7,0
DA:8,0
DA:9,0
DA:10,0
DA:11,0
DA:12,0
DA:13,0
DA:14,0
DA:15,0
DA:20,0
DA:21,0
DA:22,0
DA:23,0
DA:24,0
DA:25,0
DA:26,0
DA:27,0
DA:28,0
DA:29,0
DA:30,0
DA:31,0
DA:32,0
DA:33,0
DA:34,0
DA:35,0
DA:39,0
DA:40,0
DA:41,0
DA:42,0
DA:43,0
DA:44,0
DA:45,0
DA:46,0
DA:47,0
DA:48,0
DA:49,0
DA:50,0
DA:51,0
DA:52,0
DA:53,0
DA:54,0
DA:58,0
DA:59,0
DA:60,0
DA:61,0
DA:62,0
DA:63,0
DA:64,0
DA:65,0
DA:66,0
DA:67,0
DA:68,0
DA:69,0
DA:70,0
DA:71,0
DA:72,0
DA:73,0
DA:74,0
DA:75,0
DA:76,0
DA:77,0
DA:86,0
DA:87,0
DA:88,0
DA:89,0
DA:90,0
DA:91,0
DA:92,0
DA:93,0
DA:94,0
DA:95,0
DA:96,0
DA:97,0
DA:98,0
DA:99,0
DA:129,0
DA:130,0
DA:131,0
DA:132,0
DA:133,0
DA:134,0
DA:135,0
DA:136,0
DA:137,0
DA:138,0
LF:86
LH:0
end_of_record
TN:
SF:/Users/guilherme/.derivedData/Debug/SourcePackages/checkouts/swift-custom-dump/Sources/CustomDump/Conformances/CoreMotion.swift
FNL:0,24
FNA:0,0,$sSo28CMDeviceMotionSensorLocationV10CustomDumpE06customF11DescriptionSSvg
FNL:1,6
FNA:1,0,$sSo21CMAuthorizationStatusV10CustomDumpE06customD11DescriptionSSvg
FNL:2,64
FNA:2,0,$sSo26CMMotionActivityConfidenceV10CustomDumpE06customE11DescriptionSSvg
FNL:3,80
FNA:3,0,$sSo20CMPedometerEventTypeV10CustomDumpE06customE11DescriptionSSvg
FNF:4
FNH:0
DA:6,0
DA:7,0
DA:8,0
DA:9,0
DA:10,0
DA:11,0
DA:12,0
DA:13,0
DA:14,0
DA:15,0
DA:16,0
DA:17,0
DA:18,0
DA:19,0
DA:24,0
DA:25,0
DA:26,0
DA:27,0
DA:28,0
DA:29,0
DA:30,0
DA:31,0
DA:32,0
DA:33,0
DA:34,0
DA:35,0
DA:64,0
DA:65,0
DA:66,0
DA:67,0
DA:68,0
DA:69,0
DA:70,0
DA:71,0
DA:72,0
DA:73,0
DA:74,0
DA:75,0
DA:80,0
DA:81,0
DA:82,0
DA:83,0
DA:84,0
DA:85,0
DA:86,0
DA:87,0
DA:88,0
DA:89,0
LF:48
LH:0
end_of_record
TN:
SF:/Users/guilherme/.derivedData/Debug/SourcePackages/checkouts/swift-custom-dump/Sources/CustomDump/Conformances/Foundation.swift
FNL:0,116
FNA:0,0,$sSo11NSExceptionC10CustomDumpE06customC6Mirrors0E0Vvg
FNL:1,12
FNA:1,0,$s10Foundation16AttributedStringV10CustomDumpE06customE5Valueypvg
FNL:2,131
FNA:2,0,$sSo15NSExceptionNamea10CustomDumpE06customD11DescriptionSSvg
FNL:3,139
FNA:3,0,$sSo12NSExpressionC10CustomDumpE06customC11DescriptionSSvg
FNL:4,146
FNA:4,0,$sSo11NSIndexPathC10CustomDumpE06customD5Valueypvg
FNL:5,152
FNA:5,0,$sSo10NSIndexSetC10CustomDumpE06customD5Valueypvg
FNL:6,158
FNA:6,0,$sSo8NSLocaleC10CustomDumpE06customC5Valueypvg
FNL:7,165
FNA:7,0,$sSo13NSMeasurementC10CustomDumpE06customC5Valueypvg
FNL:8,172
FNA:8,0,$sSo14NSNotificationC10CustomDumpE06customC5Valueypvg
FNL:9,179
FNA:9,0,$sSo12NSOrderedSetC10CustomDumpE06customD6Mirrors0F0Vvg
FNL:10,189
FNA:10,0,$sSo11NSPredicateC10CustomDumpE06customC11DescriptionSSvg
FNL:11,19
FNA:11,0,$s10Foundation8CalendarV10CustomDumpE06customD6Mirrors0F0Vvg
FNL:12,195
FNA:12,0,$sSo8_NSRangeV10CustomDumpE06customC5Valueypvg
FNL:13,201
FNA:13,0,$sSo8NSStringC10CustomDumpE06customC5Valueypvg
FNL:14,207
FNA:14,0,$sSo10NSTimeZoneC10CustomDumpE06customD5Valueypvg
FNL:15,218
FNA:15,0,$sSo5NSURLC10CustomDumpE06customC5Valueypvg
FNL:16,224
FNA:16,0,$sSo15NSURLComponentsC10CustomDumpE06customC5Valueypvg
FNL:17,230
FNA:17,0,$sSo14NSURLQueryItemC10CustomDumpE06customD5Valueypvg
FNL:18,237
FNA:18,0,$sSo12NSURLRequestC10CustomDumpE06customC5Valueypvg
FNL:19,244
FNA:19,0,$sSo6NSUUIDC10CustomDumpE06customC5Valueypvg
FNL:20,250
FNA:20,0,$sSo7NSValueC10CustomDumpE06customC11DescriptionSSvg
FNL:21,256
FNA:21,0,$s10Foundation8TimeZoneV10CustomDumpE06customE6Mirrors0G0Vvg
FNL:22,271
FNA:22,0,$s10Foundation3URLV10CustomDumpE06customD11DescriptionSSvg
FNL:23,278
FNA:23,0,$sSo30NSURLRequestNetworkServiceTypeV10CustomDumpE06customF11DescriptionSSvg
FNL:24,320
FNA:24,0,$s10Foundation4UUIDV10CustomDumpE06customD11DescriptionSSvg
FNL:25,36
FNA:25,0,$s10Foundation4DataV10CustomDumpE06customD11DescriptionSSvg
FNL:26,46
FNA:26,0,$s10Foundation4DateV10CustomDumpE06customD11DescriptionSSvg
FNL:27,50
FNA:27,0,$s10Foundation4DateV10CustomDumpE9formatter33_97C6BE76ABCDE693E1BE6932DBD35474LLSo15NSDateFormatterCvgZ
FNL:28,60
FNA:28,0,$sSo9NSDecimala10CustomDumpE06customC11DescriptionSSvg
FNL:29,66
FNA:29,0,$s10Foundation6LocaleV10CustomDumpE06customD11DescriptionSSvg
FNL:30,72
FNA:30,0,$sSo18NSAttributedStringC10CustomDumpE06customD5Valueypvg
FNL:31,78
FNA:31,0,$sSo10NSCalendarC10CustomDumpE06customC5Valueypvg
FNL:32,84
FNA:32,0,$sSo6NSDataC10CustomDumpE06customC5Valueypvg
FNL:33,90
FNA:33,0,$sSo6NSDateC10CustomDumpE06customC5Valueypvg
FNL:34,96
FNA:34,0,$sSo7NSErrorC10CustomDumpE06customC6Mirrors0E0Vvg
FNF:35
FNH:0
DA:12,0
DA:13,0
DA:14,0
DA:19,0
DA:20,0
DA:21,0
DA:22,0
DA:23,0
DA:24,0
DA:25,0
DA:26,0
DA:27,0
DA:28,0
DA:29,0
DA:30,0
DA:31,0
DA:36,0
DA:37,0
DA:38,0
DA:39,0
DA:40,0
DA:46,0
DA:47,0
DA:48,0
DA:50,0
DA:51,0
DA:52,0
DA:53,0
DA:54,0
DA:55,0
DA:60,0
DA:61,0
DA:62,0
DA:66,0
DA:67,0
DA:68,0
DA:72,0
DA:73,0
DA:74,0
DA:78,0
DA:79,0
DA:80,0
DA:84,0
DA:85,0
DA:86,0
DA:90,0
DA:91,0
DA:92,0
DA:96,0
DA:97,0
DA:98,0
DA:99,0
DA:100,0
DA:101,0
DA:102,0
DA:103,0
DA:104,0
DA:105,0
DA:106,0
DA:107,0
DA:108,0
DA:109,0
DA:110,0
DA:116,0
DA:117,0
DA:118,0
DA:119,0
DA:120,0
DA:121,0
DA:122,0
DA:123,0
DA:124,0
DA:125,0
DA:126,0
DA:131,0
DA:132,0
DA:133,0
DA:139,0
DA:140,0
DA:141,0
DA:146,0
DA:147,0
DA:148,0
DA:152,0
DA:153,0
DA:154,0
DA:158,0
DA:159,0
DA:160,0
DA:165,0
DA:166,0
DA:167,0
DA:172,0
DA:173,0
DA:174,0
DA:179,0
DA:180,0
DA:181,0
DA:182,0
DA:183,0
DA:184,0
DA:185,0
DA:189,0
DA:190,0
DA:191,0
DA:195,0
DA:196,0
DA:197,0
DA:201,0
DA:202,0
DA:203,0
DA:207,0
DA:209,0
DA:214,0
DA:218,0
DA:219,0
DA:220,0
DA:224,0
DA:225,0
DA:226,0
DA:230,0
DA:231,0
DA:232,0
DA:237,0
DA:238,0
DA:239,0
DA:244,0
DA:245,0
DA:246,0
DA:250,0
DA:251,0
DA:252,0
DA:256,0
DA:257,0
DA:258,0
DA:259,0
DA:260,0
DA:261,0
DA:262,0
DA:263,0
DA:264,0
DA:265,0
DA:266,0
DA:267,0
DA:271,0
DA:272,0
DA:273,0
DA:278,0
DA:279,0
DA:293,0
DA:294,0
DA:295,0
DA:296,0
DA:297,0
DA:298,0
DA:299,0
DA:300,0
DA:301,0
DA:302,0
DA:303,0
DA:304,0
DA:305,0
DA:306,0
DA:307,0
DA:308,0
DA:309,0
DA:310,0
DA:311,0
DA:312,0
DA:314,0
DA:315,0
DA:320,0
DA:321,0
DA:322,0
LF:174
LH:0
end_of_record
TN:
SF:/Users/guilherme/.derivedData/Debug/SourcePackages/checkouts/swift-custom-dump/Sources/CustomDump/Conformances/KeyPath.swift
FNL:0,4
FNA:0,0,$ss10AnyKeyPathC10CustomDumpE06customE11DescriptionSSvg
FNF:1
FNH:0
DA:4,0
DA:5,0
DA:6,0
DA:7,0
DA:8,0
DA:9,0
DA:10,0
DA:11,0
DA:12,0
DA:13,0
LF:10
LH:0
end_of_record
TN:
SF:/Users/guilherme/.derivedData/Debug/SourcePackages/checkouts/swift-custom-dump/Sources/CustomDump/Conformances/Photos.swift
FNL:0,20
FNA:0,0,$sSo21PHAuthorizationStatusV10CustomDumpE06customD11DescriptionSSvg
FNL:1,6
FNA:1,0,$sSo13PHAccessLevelV10CustomDumpE06customD11DescriptionSSvg
FNF:2
FNH:0
DA:6,0
DA:7,0
DA:8,0
DA:9,0
DA:10,0
DA:11,0
DA:12,0
DA:13,0
DA:14,0
DA:15,0
DA:20,0
DA:21,0
DA:22,0
DA:23,0
DA:24,0
DA:25,0
DA:26,0
DA:27,0
DA:28,0
DA:29,0
DA:30,0
DA:31,0
DA:32,0
DA:33,0
DA:34,0
DA:35,0
LF:26
LH:0
end_of_record
TN:
SF:/Users/guilherme/.derivedData/Debug/SourcePackages/checkouts/swift-custom-dump/Sources/CustomDump/Conformances/Speech.swift
FNL:0,25
FNA:0,0,$sSo27SFSpeechRecognitionTaskHintV10CustomDumpE06customF11DescriptionSSvg
FNL:1,43
FNA:1,0,$sSo28SFSpeechRecognitionTaskStateV10CustomDumpE06customF11DescriptionSSvg
FNL:2,6
FNA:2,0,$sSo37SFSpeechRecognizerAuthorizationStatusV10CustomDumpE06customF11DescriptionSSvg
FNF:3
FNH:0
DA:6,0
DA:7,0
DA:8,0
DA:9,0
DA:10,0
DA:11,0
DA:12,0
DA:13,0
DA:14,0
DA:15,0
DA:16,0
DA:17,0
DA:18,0
DA:19,0
DA:20,0
DA:25,0
DA:26,0
DA:27,0
DA:28,0
DA:29,0
DA:30,0
DA:31,0
DA:32,0
DA:33,0
DA:34,0
DA:35,0
DA:36,0
DA:37,0
DA:38,0
DA:43,0
DA:44,0
DA:45,0
DA:46,0
DA:47,0
DA:48,0
DA:49,0
DA:50,0
DA:51,0
DA:52,0
DA:53,0
DA:54,0
DA:55,0
DA:56,0
DA:57,0
DA:58,0
LF:45
LH:0
end_of_record
TN:
SF:/Users/guilherme/.derivedData/Debug/SourcePackages/checkouts/swift-custom-dump/Sources/CustomDump/Conformances/StoreKit.swift
FNL:0,26
FNA:0,0,$sSo19SKProductPeriodUnitV10CustomDumpE06customE11DescriptionSSvg
FNL:1,6
FNA:1,0,$sSo25SKPaymentTransactionStateV10CustomDumpE06customE11DescriptionSSvg
FNF:2
FNH:0
DA:6,0
DA:7,0
DA:8,0
DA:9,0
DA:10,0
DA:11,0
DA:12,0
DA:13,0
DA:14,0
DA:15,0
DA:16,0
DA:17,0
DA:18,0
DA:19,0
DA:20,0
DA:21,0
DA:26,0
DA:27,0
DA:28,0
DA:29,0
DA:30,0
DA:31,0
DA:32,0
DA:33,0
DA:34,0
DA:35,0
DA:36,0
DA:37,0
DA:38,0
DA:39,0
LF:30
LH:0
end_of_record
TN:
SF:/Users/guilherme/.derivedData/Debug/SourcePackages/checkouts/swift-custom-dump/Sources/CustomDump/Conformances/Swift.swift
FNL:0,12
FNA:0,0,$ss8DurationV10CustomDumpE06customC11DescriptionSSvg
FNL:1,24
FNA:1,0,$sSO10CustomDumpE06customB11DescriptionSSvg
FNL:2,31
FNA:2,0,$ss12StaticStringV10CustomDumpE06customD5Valueypvg
FNL:3,37
FNA:3,0,$ss7UnicodeO6ScalarV10CustomDumpE06customD5Valueypvg
FNL:4,4
FNA:4,0,$sSJ10CustomDumpE06customB5Valueypvg
FNL:5,43
FNA:5,0,$ss11AnyHashableV10CustomDumpE06customD5Valueypvg
FNF:6
FNH:0
DA:4,0
DA:5,0
DA:6,0
DA:12,0
DA:13,0
DA:14,0
DA:15,0
DA:16,0
DA:17,0
DA:18,0
DA:19,0
DA:24,0
DA:25,0
DA:26,0
DA:27,0
DA:31,0
DA:32,0
DA:33,0
DA:37,0
DA:38,0
DA:39,0
DA:43,0
DA:44,0
DA:45,0
LF:24
LH:0
end_of_record
TN:
SF:/Users/guilherme/.derivedData/Debug/SourcePackages/checkouts/swift-custom-dump/Sources/CustomDump/Conformances/SwiftUI.swift
FNL:0,41
FNA:0,0,$s7SwiftUI18LocalizedStringKeyV10CustomDumpE06customG5Valueypvg
FNL:1,50
FNA:1,0,$s7SwiftUI18LocalizedStringKeyV10CustomDumpE9formatted33_6D26B5BDB978083376502752CCB8319FLL6locale9tableName6bundle7commentSS10Foundation6LocaleVSg_SSSgSo8NSBundleCSgs06StaticD0VSgtF
FNL:2,54
FNA:2,0,$s7SwiftUI18LocalizedStringKeyV10CustomDumpE9formatted33_6D26B5BDB978083376502752CCB8319FLL6locale9tableName6bundle7commentSS10Foundation6LocaleVSg_SSSgSo8NSBundleCSgs06StaticD0VSgtFs7CVarArg_pSgAO5label_yp5valuet_tXEfU_
FNL:3,6
FNA:3,0,$s7SwiftUI9AnimationV10CustomDumpE06customE11DescriptionSSvg
FNL:4,66
FNA:4,0,$s7SwiftUI18LocalizedStringKeyV10CustomDumpE9formatted33_6D26B5BDB978083376502752CCB8319FLL6locale9tableName6bundle7commentSS10Foundation6LocaleVSg_SSSgSo8NSBundleCSgs06StaticD0VSgtFs7CVarArg_pSgAO5label_yp5valuet_tXEfU_sAV_pyKXEfu_
FNL:5,72
FNA:5,0,$s7SwiftUI18LocalizedStringKeyV10CustomDumpE9formatted33_6D26B5BDB978083376502752CCB8319FLL6locale9tableName6bundle7commentSS10Foundation6LocaleVSg_SSSgSo8NSBundleCSgs06StaticD0VSgtFAQyKXEfu_
FNL:6,74
FNA:6,0,$s7SwiftUI18LocalizedStringKeyV10CustomDumpE9formatted33_6D26B5BDB978083376502752CCB8319FLL6locale9tableName6bundle7commentSS10Foundation6LocaleVSg_SSSgSo8NSBundleCSgs06StaticD0VSgtFSSATcfu0_
FNA:6,0,$s7SwiftUI18LocalizedStringKeyV10CustomDumpE9formatted33_6D26B5BDB978083376502752CCB8319FLL6locale9tableName6bundle7commentSS10Foundation6LocaleVSg_SSSgSo8NSBundleCSgs06StaticD0VSgtFSSyKXEfu1_
FNF:7
FNH:0
DA:6,0
DA:7,0
DA:8,0
DA:9,0
DA:10,0
DA:11,0
DA:12,0
DA:13,0
DA:14,0
DA:15,0
DA:16,0
DA:17,0
DA:18,0
DA:19,0
DA:20,0
DA:21,0
DA:22,0
DA:23,0
DA:24,0
DA:25,0
DA:26,0
DA:27,0
DA:28,0
DA:29,0
DA:30,0
DA:31,0
DA:32,0
DA:33,0
DA:34,0
DA:35,0
DA:36,0
DA:41,0
DA:42,0
DA:43,0
DA:50,0
DA:51,0
DA:52,0
DA:53,0
DA:54,0
DA:55,0
DA:56,0
DA:57,0
DA:58,0
DA:59,0
DA:60,0
DA:61,0
DA:62,0
DA:63,0
DA:64,0
DA:65,0
DA:66,0
DA:67,0
DA:68,0
DA:69,0
DA:70,0
DA:71,0
DA:72,0
DA:73,0
DA:74,0
DA:75,0
DA:76,0
DA:77,0
LF:62
LH:0
end_of_record
TN:
SF:/Users/guilherme/.derivedData/Debug/SourcePackages/checkouts/swift-custom-dump/Sources/CustomDump/Conformances/UIKit.swift
FNL:0,31
FNA:0,0,$sSo42UIScrollViewContentInsetAdjustmentBehaviorV10CustomDumpE06customH11DescriptionSSvg
FNL:1,51
FNA:1,0,$sSo20UIUserInterfaceStyleV10CustomDumpE06customE11DescriptionSSvg
FNL:2,68
FNA:2,0,$sSo14UIControlStateV10CustomDumpE06customD6Mirrors0F0Vvg
FNL:3,72
FNA:3,0,$sSo14UIControlStateV10CustomDumpE06customD6Mirrors0F0Vvg6OptionL_V0eD11DescriptionSSvg
FNL:4,8
FNA:4,0,$sSo24UIGestureRecognizerStateV10CustomDumpE06customE11DescriptionSSvg
FNF:5
FNH:0
DA:8,0
DA:9,0
DA:10,0
DA:11,0
DA:12,0
DA:13,0
DA:14,0
DA:15,0
DA:16,0
DA:17,0
DA:18,0
DA:19,0
DA:20,0
DA:21,0
DA:22,0
DA:23,0
DA:24,0
DA:25,0
DA:31,0
DA:32,0
DA:33,0
DA:34,0
DA:35,0
DA:36,0
DA:37,0
DA:38,0
DA:39,0
DA:40,0
DA:41,0
DA:42,0
DA:43,0
DA:44,0
DA:45,0
DA:51,0
DA:52,0
DA:53,0
DA:54,0
DA:55,0
DA:56,0
DA:57,0
DA:58,0
DA:59,0
DA:60,0
DA:61,0
DA:62,0
DA:68,0
DA:69,0
DA:70,0
DA:71,0
DA:72,0
DA:73,0
DA:74,0
DA:75,0
DA:76,0
DA:77,0
DA:78,0
DA:79,0
DA:80,0
DA:81,0
DA:82,0
DA:83,0
DA:84,0
DA:85,0
DA:86,0
DA:87,0
DA:88,0
DA:89,0
DA:90,0
DA:91,0
DA:92,0
DA:93,0
DA:94,0
DA:95,0
DA:96,0
DA:97,0
DA:98,0
DA:99,0
DA:100,0
DA:101,0
DA:102,0
DA:103,0
DA:104,0
DA:105,0
DA:106,0
DA:107,0
DA:108,0
DA:109,0
DA:110,0
DA:111,0
DA:112,0
DA:113,0
DA:114,0
DA:115,0
DA:116,0
DA:117,0
DA:118,0
DA:119,0
DA:120,0
LF:98
LH:0
end_of_record
TN:
SF:/Users/guilherme/.derivedData/Debug/SourcePackages/checkouts/swift-custom-dump/Sources/CustomDump/Conformances/UserNotifications.swift
FNL:0,112
FNA:0,0,$sSo31UNNotificationInterruptionLevelV10CustomDumpE06customE11DescriptionSSvg
FNL:1,131
FNA:1,0,$sSo33UNNotificationPresentationOptionsV10CustomDumpE06customE6Mirrors0G0Vvg
FNL:2,134
FNA:2,0,$sSo33UNNotificationPresentationOptionsV10CustomDumpE06customE6Mirrors0G0Vvg6OptionL_V0fE11DescriptionSSvg
FNL:3,181
FNA:3,0,$sSo21UNNotificationSettingV10CustomDumpE06customD11DescriptionSSvg
FNL:4,199
FNA:4,0,$sSo21UNShowPreviewsSettingV10CustomDumpE06customE11DescriptionSSvg
FNL:5,24
FNA:5,0,$sSo22UNAuthorizationOptionsV10CustomDumpE06customD6Mirrors0F0Vvg
FNL:6,28
FNA:6,0,$sSo22UNAuthorizationOptionsV10CustomDumpE06customD6Mirrors0F0Vvg6OptionL_V0eD11DescriptionSSvg
FNL:7,8
FNA:7,0,$sSo12UNAlertStyleV10CustomDumpE06customD11DescriptionSSvg
FNL:8,90
FNA:8,0,$sSo21UNAuthorizationStatusV10CustomDumpE06customD11DescriptionSSvg
FNF:9
FNH:0
DA:8,0
DA:9,0
DA:10,0
DA:11,0
DA:12,0
DA:13,0
DA:14,0
DA:15,0
DA:16,0
DA:17,0
DA:18,0
DA:19,0
DA:24,0
DA:25,0
DA:26,0
DA:27,0
DA:28,0
DA:29,0
DA:30,0
DA:31,0
DA:33,0
DA:34,0
DA:36,0
DA:37,0
DA:38,0
DA:39,0
DA:40,0
DA:41,0
DA:42,0
DA:43,0
DA:44,0
DA:45,0
DA:46,0
DA:47,0
DA:48,0
DA:49,0
DA:50,0
DA:51,0
DA:52,0
DA:53,0
DA:54,0
DA:55,0
DA:56,0
DA:57,0
DA:58,0
DA:60,0
DA:62,0
DA:63,0
DA:64,0
DA:65,0
DA:66,0
DA:67,0
DA:68,0
DA:69,0
DA:70,0
DA:71,0
DA:72,0
DA:73,0
DA:74,0
DA:75,0
DA:76,0
DA:77,0
DA:78,0
DA:79,0
DA:80,0
DA:81,0
DA:82,0
DA:83,0
DA:84,0
DA:85,0
DA:90,0
DA:91,0
DA:92,0
DA:93,0
DA:94,0
DA:95,0
DA:96,0
DA:97,0
DA:98,0
DA:99,0
DA:100,0
DA:101,0
DA:102,0
DA:103,0
DA:104,0
DA:105,0
DA:112,0
DA:113,0
DA:114,0
DA:115,0
DA:116,0
DA:117,0
DA:118,0
DA:119,0
DA:120,0
DA:121,0
DA:122,0
DA:123,0
DA:124,0
DA:125,0
DA:131,0
DA:132,0
DA:133,0
DA:134,0
DA:135,0
DA:136,0
DA:137,0
DA:138,0
DA:139,0
DA:140,0
DA:141,0
DA:142,0
DA:143,0
DA:144,0
DA:145,0
DA:146,0
DA:147,0
DA:148,0
DA:149,0
DA:150,0
DA:151,0
DA:152,0
DA:153,0
DA:154,0
DA:155,0
DA:156,0
DA:157,0
DA:158,0
DA:159,0
DA:160,0
DA:161,0
DA:162,0
DA:163,0
DA:164,0
DA:165,0
DA:166,0
DA:167,0
DA:168,0
DA:169,0
DA:170,0
DA:171,0
DA:172,0
DA:173,0
DA:174,0
DA:175,0
DA:176,0
DA:181,0
DA:182,0
DA:183,0
DA:184,0
DA:185,0
DA:186,0
DA:187,0
DA:188,0
DA:189,0
DA:190,0
DA:191,0
DA:192,0
DA:199,0
DA:200,0
DA:201,0
DA:202,0
DA:203,0
DA:204,0
DA:205,0
DA:206,0
DA:207,0
DA:208,0
DA:209,0
DA:210,0
LF:170
LH:0
end_of_record
TN:
SF:/Users/guilherme/.derivedData/Debug/SourcePackages/checkouts/swift-custom-dump/Sources/CustomDump/Conformances/UserNotificationsUI.swift
FNL:0,27
FNA:0,0,$sSo44UNNotificationContentExtensionResponseOptionV10CustomDumpE06customG11DescriptionSSvg
FNL:1,8
FNA:1,0,$sSo54UNNotificationContentExtensionMediaPlayPauseButtonTypeV10CustomDumpE06customJ11DescriptionSSvg
FNF:2
FNH:0
DA:8,0
DA:9,0
DA:10,0
DA:11,0
DA:12,0
DA:13,0
DA:14,0
DA:15,0
DA:16,0
DA:17,0
DA:18,0
DA:19,0
DA:20,0
DA:27,0
DA:28,0
DA:29,0
DA:30,0
DA:31,0
DA:32,0
DA:33,0
DA:34,0
DA:35,0
DA:36,0
DA:37,0
DA:38,0
DA:39,0
LF:26
LH:0
end_of_record
TN:
SF:/Users/guilherme/.derivedData/Debug/SourcePackages/checkouts/swift-custom-dump/Sources/CustomDump/CustomDumpReflectable.swift
FNL:0,128
FNA:0,0,$ss6MirrorV10CustomDumpE06customC10ReflectingAByp_tcfC
FNL:1,129
FNA:1,0,$ss6MirrorV10CustomDumpE06customC10ReflectingAByp_tcfcAByKXEfu_
FNF:2
FNH:0
DA:128,0
DA:129,0
DA:130,0
LF:3
LH:0
end_of_record
TN:
SF:/Users/guilherme/.derivedData/Debug/SourcePackages/checkouts/swift-custom-dump/Sources/CustomDump/Diff.swift
FNL:0,114
FNA:0,0,$s10CustomDump4diff__6formatSSSgx_xAA10DiffFormatVtlF0C4HelpL___7lhsName03rhsI09separator6indent6isRootSSyp_ypA2DSSSiSbtlF0C8ChildrenL_0H00J0__AhI10nameSuffix6prefix6suffix13elementIndent0T9Separator17collapseUnchanged6filter13areEquivalent0Z17InIncreasingOrder3mapyyp_yps6MirrorVA_A2DS3SSiSSS2bAD5label_yp5valuet_tXESbADA0__ypA1_t_ADA0__ypA1_ttXESbADA0__ypA1_t_ADA0__ypA1_ttcSgyADA0__ypA1_tz_SitXEtlFfA11_SbADA0__ypA1_t_tcfU_
FNL:1,115
FNA:1,0,$s10CustomDump4diff__6formatSSSgx_xAA10DiffFormatVtlF0C4HelpL___7lhsName03rhsI09separator6indent6isRootSSyp_ypA2DSSSiSbtlF0C8ChildrenL_0H00J0__AhI10nameSuffix6prefix6suffix13elementIndent0T9Separator17collapseUnchanged6filter13areEquivalent0Z17InIncreasingOrder3mapyyp_yps6MirrorVA_A2DS3SSiSSS2bAD5label_yp5valuet_tXESbADA0__ypA1_t_ADA0__ypA1_ttXESbADA0__ypA1_t_ADA0__ypA1_ttcSgyADA0__ypA1_tz_SitXEtlFfA12_SbADA0__ypA1_t_ADA0__ypA1_ttcfU_
FNL:2,117
FNA:2,0,$s10CustomDump4diff__6formatSSSgx_xAA10DiffFormatVtlF0C4HelpL___7lhsName03rhsI09separator6indent6isRootSSyp_ypA2DSSSiSbtlF0C8ChildrenL_0H00J0__AhI10nameSuffix6prefix6suffix13elementIndent0T9Separator17collapseUnchanged6filter13areEquivalent0Z17InIncreasingOrder3mapyyp_yps6MirrorVA_A2DS3SSiSSS2bAD5label_yp5valuet_tXESbADA0__ypA1_t_ADA0__ypA1_ttXESbADA0__ypA1_t_ADA0__ypA1_ttcSgyADA0__ypA1_tz_SitXEtlFfA14_yADA0__ypA1_tz_SitcfU_
FNL:3,118
FNA:3,0,$s10CustomDump4diff__6formatSSSgx_xAA10DiffFormatVtlF0C4HelpL___7lhsName03rhsI09separator6indent6isRootSSyp_ypA2DSSSiSbtlF0C8ChildrenL_0H00J0__AhI10nameSuffix6prefix6suffix13elementIndent0T9Separator17collapseUnchanged6filter13areEquivalent0Z17InIncreasingOrder3mapyyp_yps6MirrorVA_A2DS3SSiSSS2bAD5label_yp5valuet_tXESbADA0__ypA1_t_ADA0__ypA1_ttXESbADA0__ypA1_t_ADA0__ypA1_ttcSgyADA0__ypA1_tz_SitXEtlF
FNL:4,166
FNA:4,0,$s10CustomDump4diff__6formatSSSgx_xAA10DiffFormatVtlF0C4HelpL___7lhsName03rhsI09separator6indent6isRootSSyp_ypA2DSSSiSbtlF0C8ChildrenL_0H00J0__AhI10nameSuffix6prefix6suffix13elementIndent0T9Separator17collapseUnchanged6filter13areEquivalent0Z17InIncreasingOrder3mapyyp_yps6MirrorVA_A2DS3SSiSSS2bAD5label_yp5valuet_tXESbADA0__ypA1_t_ADA0__ypA1_ttXESbADA0__ypA1_t_ADA0__ypA1_ttcSgyADA0__ypA1_tz_SitXEtlFSbyKXEfu_
FNL:5,198
FNA:5,0,$s10CustomDump4diff__6formatSSSgx_xAA10DiffFormatVtlF0C4HelpL___7lhsName03rhsI09separator6indent6isRootSSyp_ypA2DSSSiSbtlF0C8ChildrenL_0H00J0__AhI10nameSuffix6prefix6suffix13elementIndent0T9Separator17collapseUnchanged6filter13areEquivalent0Z17InIncreasingOrder3mapyyp_yps6MirrorVA_A2DS3SSiSSS2bAD5label_yp5valuet_tXESbADA0__ypA1_t_ADA0__ypA1_ttXESbADA0__ypA1_t_ADA0__ypA1_ttcSgyADA0__ypA1_tz_SitXEtlFSbADA0__ypA1_t_tXEfU_
FNL:6,199
FNA:6,0,$s10CustomDump4diff__6formatSSSgx_xAA10DiffFormatVtlF0C4HelpL___7lhsName03rhsI09separator6indent6isRootSSyp_ypA2DSSSiSbtlF0C8ChildrenL_0H00J0__AhI10nameSuffix6prefix6suffix13elementIndent0T9Separator17collapseUnchanged6filter13areEquivalent0Z17InIncreasingOrder3mapyyp_yps6MirrorVA_A2DS3SSiSSS2bAD5label_yp5valuet_tXESbADA0__ypA1_t_ADA0__ypA1_ttXESbADA0__ypA1_t_ADA0__ypA1_ttcSgyADA0__ypA1_tz_SitXEtlFSbADA0__ypA1_t_tXEfU0_
FNL:7,201
FNA:7,0,$s10CustomDump4diff__6formatSSSgx_xAA10DiffFormatVtlF0C4HelpL___7lhsName03rhsI09separator6indent6isRootSSyp_ypA2DSSSiSbtlF0C8ChildrenL_0H00J0__AhI10nameSuffix6prefix6suffix13elementIndent0T9Separator17collapseUnchanged6filter13areEquivalent0Z17InIncreasingOrder3mapyyp_yps6MirrorVA_A2DS3SSiSSS2bAD5label_yp5valuet_tXESbADA0__ypA1_t_ADA0__ypA1_ttXESbADA0__ypA1_t_ADA0__ypA1_ttcSgyADA0__ypA1_tz_SitXEtlFS2SXEfU1_
FNA:7,0,$s10CustomDump4diff__6formatSSSgx_xAA10DiffFormatVtlF0C4HelpL___7lhsName03rhsI09separator6indent6isRootSSyp_ypA2DSSSiSbtlF0C8ChildrenL_0H00J0__AhI10nameSuffix6prefix6suffix13elementIndent0T9Separator17collapseUnchanged6filter13areEquivalent0Z17InIncreasingOrder3mapyyp_yps6MirrorVA_A2DS3SSiSSS2bAD5label_yp5valuet_tXESbADA0__ypA1_t_ADA0__ypA1_ttXESbADA0__ypA1_t_ADA0__ypA1_ttcSgyADA0__ypA1_tz_SitXEtlFSSyKXEfu0_
FNL:8,221
FNA:8,0,$s10CustomDump4diff__6formatSSSgx_xAA10DiffFormatVtlF0C4HelpL___7lhsName03rhsI09separator6indent6isRootSSyp_ypA2DSSSiSbtlF0C8ChildrenL_0H00J0__AhI10nameSuffix6prefix6suffix13elementIndent0T9Separator17collapseUnchanged6filter13areEquivalent0Z17InIncreasingOrder3mapyyp_yps6MirrorVA_A2DS3SSiSSS2bAD5label_yp5valuet_tXESbADA0__ypA1_t_ADA0__ypA1_ttXESbADA0__ypA1_t_ADA0__ypA1_ttcSgyADA0__ypA1_tz_SitXEtlF05flushX0L_yylF
FNL:9,223
FNA:9,0,$s10CustomDump4diff__6formatSSSgx_xAA10DiffFormatVtlF0C4HelpL___7lhsName03rhsI09separator6indent6isRootSSyp_ypA2DSSSiSbtlF0C8ChildrenL_0H00J0__AhI10nameSuffix6prefix6suffix13elementIndent0T9Separator17collapseUnchanged6filter13areEquivalent0Z17InIncreasingOrder3mapyyp_yps6MirrorVA_A2DS3SSiSSS2bAD5label_yp5valuet_tXESbADA0__ypA1_t_ADA0__ypA1_ttXESbADA0__ypA1_t_ADA0__ypA1_ttcSgyADA0__ypA1_tz_SitXEtlF05flushX0L_yylFSbyKXEfu_
FNL:10,238
FNA:10,0,$s10CustomDump4diff__6formatSSSgx_xAA10DiffFormatVtlF0C4HelpL___7lhsName03rhsI09separator6indent6isRootSSyp_ypA2DSSSiSbtlF0C8ChildrenL_0H00J0__AhI10nameSuffix6prefix6suffix13elementIndent0T9Separator17collapseUnchanged6filter13areEquivalent0Z17InIncreasingOrder3mapyyp_yps6MirrorVA_A2DS3SSiSSS2bAD5label_yp5valuet_tXESbADA0__ypA1_t_ADA0__ypA1_ttXESbADA0__ypA1_t_ADA0__ypA1_ttcSgyADA0__ypA1_tz_SitXEtlF05flushX0L_yylFSbyKXEfu0_
FNL:11,239
FNA:11,0,$s10CustomDump4diff__6formatSSSgx_xAA10DiffFormatVtlF0C4HelpL___7lhsName03rhsI09separator6indent6isRootSSyp_ypA2DSSSiSbtlF0C8ChildrenL_0H00J0__AhI10nameSuffix6prefix6suffix13elementIndent0T9Separator17collapseUnchanged6filter13areEquivalent0Z17InIncreasingOrder3mapyyp_yps6MirrorVA_A2DS3SSiSSS2bAD5label_yp5valuet_tXESbADA0__ypA1_t_ADA0__ypA1_ttXESbADA0__ypA1_t_ADA0__ypA1_ttcSgyADA0__ypA1_tz_SitXEtlF05flushX0L_yylFSbyKXEfu1_
FNL:12,252
FNA:12,0,$s10CustomDump4diff__6formatSSSgx_xAA10DiffFormatVtlF0C4HelpL___7lhsName03rhsI09separator6indent6isRootSSyp_ypA2DSSSiSbtlF0C8ChildrenL_0H00J0__AhI10nameSuffix6prefix6suffix13elementIndent0T9Separator17collapseUnchanged6filter13areEquivalent0Z17InIncreasingOrder3mapyyp_yps6MirrorVA_A2DS3SSiSSS2bAD5label_yp5valuet_tXESbADA0__ypA1_t_ADA0__ypA1_ttXESbADA0__ypA1_t_ADA0__ypA1_ttcSgyADA0__ypA1_tz_SitXEtlFSbyKXEfu1_
FNL:13,253
FNA:13,0,$s10CustomDump4diff__6formatSSSgx_xAA10DiffFormatVtlF0C4HelpL___7lhsName03rhsI09separator6indent6isRootSSyp_ypA2DSSSiSbtlF0C8ChildrenL_0H00J0__AhI10nameSuffix6prefix6suffix13elementIndent0T9Separator17collapseUnchanged6filter13areEquivalent0Z17InIncreasingOrder3mapyyp_yps6MirrorVA_A2DS3SSiSSS2bAD5label_yp5valuet_tXESbADA0__ypA1_t_ADA0__ypA1_ttXESbADA0__ypA1_t_ADA0__ypA1_ttcSgyADA0__ypA1_tz_SitXEtlFSbs20CollectionDifferenceV6ChangeOyADA0__ypA1_t_GXEfU2_
FNL:14,254
FNA:14,0,$s10CustomDump4diff__6formatSSSgx_xAA10DiffFormatVtlF0C4HelpL___7lhsName03rhsI09separator6indent6isRootSSyp_ypA2DSSSiSbtlF0C8ChildrenL_0H00J0__AhI10nameSuffix6prefix6suffix13elementIndent0T9Separator17collapseUnchanged6filter13areEquivalent0Z17InIncreasingOrder3mapyyp_yps6MirrorVA_A2DS3SSiSSS2bAD5label_yp5valuet_tXESbADA0__ypA1_t_ADA0__ypA1_ttXESbADA0__ypA1_t_ADA0__ypA1_ttcSgyADA0__ypA1_tz_SitXEtlFSbs20CollectionDifferenceV6ChangeOyADA0__ypA1_t_GXEfU3_
FNL:15,28
FNA:15,0,$s10CustomDump4diff__6formatSSSgx_xAA10DiffFormatVtlF
FNL:16,285
FNA:16,0,$s10CustomDump4diff__6formatSSSgx_xAA10DiffFormatVtlF0C4HelpL___7lhsName03rhsI09separator6indent6isRootSSyp_ypA2DSSSiSbtlF0C8ChildrenL_0H00J0__AhI10nameSuffix6prefix6suffix13elementIndent0T9Separator17collapseUnchanged6filter13areEquivalent0Z17InIncreasingOrder3mapyyp_yps6MirrorVA_A2DS3SSiSSS2bAD5label_yp5valuet_tXESbADA0__ypA1_t_ADA0__ypA1_ttXESbADA0__ypA1_t_ADA0__ypA1_ttcSgyADA0__ypA1_tz_SitXEtlFSbyKXEfu2_
FNL:17,328
FNA:17,0,$s10CustomDump4diff__6formatSSSgx_xAA10DiffFormatVtlF0C4HelpL___7lhsName03rhsI09separator6indent6isRootSSyp_ypA2DSSSiSbtlF0C8ChildrenL_0H00J0__AhI10nameSuffix6prefix6suffix13elementIndent0T9Separator17collapseUnchanged6filter13areEquivalent0Z17InIncreasingOrder3mapyyp_yps6MirrorVA_A2DS3SSiSSS2bAD5label_yp5valuet_tXESbADA0__ypA1_t_ADA0__ypA1_ttXESbADA0__ypA1_t_ADA0__ypA1_ttcSgyADA0__ypA1_tz_SitXEtlFSbyKXEfu3_
FNL:18,358
FNA:18,0,$s10CustomDump4diff__6formatSSSgx_xAA10DiffFormatVtlF0C4HelpL___7lhsName03rhsI09separator6indent6isRootSSyp_ypA2DSSSiSbtlFSuyXEfu1_
FNL:19,359
FNA:19,0,$s10CustomDump4diff__6formatSSSgx_xAA10DiffFormatVtlF0C4HelpL___7lhsName03rhsI09separator6indent6isRootSSyp_ypA2DSSSiSbtlF10occurrenceL_SuvW
FNL:20,361
FNA:20,0,$s10CustomDump4diff__6formatSSSgx_xAA10DiffFormatVtlF0C4HelpL___7lhsName03rhsI09separator6indent6isRootSSyp_ypA2DSSSiSbtlF2idL_Suvg
FNL:21,362
FNA:21,0,$s10CustomDump4diff__6formatSSSgx_xAA10DiffFormatVtlF0C4HelpL___7lhsName03rhsI09separator6indent6isRootSSyp_ypA2DSSSiSbtlF2idL_SuvgSuyXEfu_
FNL:22,368
FNA:22,0,$s10CustomDump4diff__6formatSSSgx_xAA10DiffFormatVtlF0C4HelpL___7lhsName03rhsI09separator6indent6isRootSSyp_ypA2DSSSiSbtlFS2SXEfU_
FNA:22,0,$s10CustomDump4diff__6formatSSSgx_xAA10DiffFormatVtlF0C4HelpL___7lhsName03rhsI09separator6indent6isRootSSyp_ypA2DSSSiSbtlFSSyKXEfu2_
FNL:23,374
FNA:23,0,$s10CustomDump4diff__6formatSSSgx_xAA10DiffFormatVtlF0C4HelpL___7lhsName03rhsI09separator6indent6isRootSSyp_ypA2DSSSiSbtlFS2SXEfU0_
FNA:23,0,$s10CustomDump4diff__6formatSSSgx_xAA10DiffFormatVtlF0C4HelpL___7lhsName03rhsI09separator6indent6isRootSSyp_ypA2DSSSiSbtlFSSyKXEfu3_
FNL:24,386
FNA:24,0,$s10CustomDump4diff__6formatSSSgx_xAA10DiffFormatVtlF0C4HelpL___7lhsName03rhsI09separator6indent6isRootSSyp_ypA2DSSSiSbtlFS2SXEfU1_
FNA:24,0,$s10CustomDump4diff__6formatSSSgx_xAA10DiffFormatVtlF0C4HelpL___7lhsName03rhsI09separator6indent6isRootSSyp_ypA2DSSSiSbtlFSSyKXEfu4_
FNL:25,387
FNA:25,0,$s10CustomDump4diff__6formatSSSgx_xAA10DiffFormatVtlF0C4HelpL___7lhsName03rhsI09separator6indent6isRootSSyp_ypA2DSSSiSbtlFS2SXEfU2_
FNA:25,0,$s10CustomDump4diff__6formatSSSgx_xAA10DiffFormatVtlF0C4HelpL___7lhsName03rhsI09separator6indent6isRootSSyp_ypA2DSSSiSbtlFSSyKXEfu5_
FNL:26,39
FNA:26,0,$s10CustomDump4diff__6formatSSSgx_xAA10DiffFormatVtlF0C4HelpL___7lhsName03rhsI09separator6indent6isRootSSyp_ypA2DSSSiSbtlF
FNL:27,40
FNA:27,0,$s10CustomDump4diff__6formatSSSgx_xAA10DiffFormatVtlF0C4HelpL___7lhsName03rhsI09separator6indent6isRootSSyp_ypA2DSSSiSbtlFADyKXEfu_
FNL:28,41
FNA:28,0,$s10CustomDump4diff__6formatSSSgx_xAA10DiffFormatVtlF0C4HelpL___7lhsName03rhsI09separator6indent6isRootSSyp_ypA2DSSSiSbtlFSbyKXEfu0_
FNL:29,420
FNA:29,0,$s10CustomDump4diff__6formatSSSgx_xAA10DiffFormatVtlF0C4HelpL___7lhsName03rhsI09separator6indent6isRootSSyp_ypA2DSSSiSbtlFSbyKXEfu6_
FNL:30,436
FNA:30,0,$s10CustomDump4diff__6formatSSSgx_xAA10DiffFormatVtlF0C4HelpL___7lhsName03rhsI09separator6indent6isRootSSyp_ypA2DSSSiSbtlF10occurrenceL0_Suvg
FNA:30,0,$s10CustomDump4diff__6formatSSSgx_xAA10DiffFormatVtlF0C4HelpL___7lhsName03rhsI09separator6indent6isRootSSyp_ypA2DSSSiSbtlF10occurrenceL0_SuvgSuyXEfu_
FNL:31,438
FNA:31,0,$s10CustomDump4diff__6formatSSSgx_xAA10DiffFormatVtlF0C4HelpL___7lhsName03rhsI09separator6indent6isRootSSyp_ypA2DSSSiSbtlF0H2IDL_SSvg
FNL:32,439
FNA:32,0,$s10CustomDump4diff__6formatSSSgx_xAA10DiffFormatVtlF0C4HelpL___7lhsName03rhsI09separator6indent6isRootSSyp_ypA2DSSSiSbtlF0H2IDL_SSvgSuyXEfu_
FNL:33,444
FNA:33,0,$s10CustomDump4diff__6formatSSSgx_xAA10DiffFormatVtlF0C4HelpL___7lhsName03rhsI09separator6indent6isRootSSyp_ypA2DSSSiSbtlFS2SXEfU3_
FNA:33,0,$s10CustomDump4diff__6formatSSSgx_xAA10DiffFormatVtlF0C4HelpL___7lhsName03rhsI09separator6indent6isRootSSyp_ypA2DSSSiSbtlFSSyKXEfu7_
FNL:34,465
FNA:34,0,$s10CustomDump4diff__6formatSSSgx_xAA10DiffFormatVtlF0C4HelpL___7lhsName03rhsI09separator6indent6isRootSSyp_ypA2DSSSiSbtlF0J2IDL_SSvg
FNL:35,466
FNA:35,0,$s10CustomDump4diff__6formatSSSgx_xAA10DiffFormatVtlF0C4HelpL___7lhsName03rhsI09separator6indent6isRootSSyp_ypA2DSSSiSbtlF0J2IDL_SSvgSuyXEfu_
FNL:36,471
FNA:36,0,$s10CustomDump4diff__6formatSSSgx_xAA10DiffFormatVtlF0C4HelpL___7lhsName03rhsI09separator6indent6isRootSSyp_ypA2DSSSiSbtlFS2SXEfU4_
FNA:36,0,$s10CustomDump4diff__6formatSSSgx_xAA10DiffFormatVtlF0C4HelpL___7lhsName03rhsI09separator6indent6isRootSSyp_ypA2DSSSiSbtlFSSyKXEfu8_
FNL:37,503
FNA:37,0,$s10CustomDump4diff__6formatSSSgx_xAA10DiffFormatVtlF0C4HelpL___7lhsName03rhsI09separator6indent6isRootSSyp_ypA2DSSSiSbtlFSbAD5label_yp5valuet_AdM_ypANttXEfU5_
FNL:38,504
FNA:38,0,$s10CustomDump4diff__6formatSSSgx_xAA10DiffFormatVtlF0C4HelpL___7lhsName03rhsI09separator6indent6isRootSSyp_ypA2DSSSiSbtlFSbAD5label_yp5valuet_AdM_ypANttXEfU5_SbyKXEfu_
FNL:39,506
FNA:39,0,$s10CustomDump4diff__6formatSSSgx_xAA10DiffFormatVtlF0C4HelpL___7lhsName03rhsI09separator6indent6isRootSSyp_ypA2DSSSiSbtlFyAD5label_yp5valuetz_SitXEfU6_
FNL:40,518
FNA:40,0,$s10CustomDump4diff__6formatSSSgx_xAA10DiffFormatVtlF0C4HelpL___7lhsName03rhsI09separator6indent6isRootSSyp_ypA2DSSSiSbtlFSbAD5label_yp5valuet_AdM_ypANttXEfU7_
FNL:41,528
FNA:41,0,$s10CustomDump4diff__6formatSSSgx_xAA10DiffFormatVtlF0C4HelpL___7lhsName03rhsI09separator6indent6isRootSSyp_ypA2DSSSiSbtlFSbAD5label_yp5valuet_AdM_ypANttcfU8_
FNL:42,558
FNA:42,0,$s10CustomDump4diff__6formatSSSgx_xAA10DiffFormatVtlF0C4HelpL___7lhsName03rhsI09separator6indent6isRootSSyp_ypA2DSSSiSbtlFyAD5label_yp5valuetz_SitXEfU9_
FNL:43,58
FNA:43,0,$s10CustomDump4diff__6formatSSSgx_xAA10DiffFormatVtlF0C4HelpL___7lhsName03rhsI09separator6indent6isRootSSyp_ypA2DSSSiSbtlF0C10EverythingL_yylF
FNL:44,603
FNA:44,0,$s10CustomDump4diff__6formatSSSgx_xAA10DiffFormatVtlF0C4HelpL___7lhsName03rhsI09separator6indent6isRootSSyp_ypA2DSSSiSbtlFyAD5label_yp5valuetz_SitXEfU10_
FNL:45,640
FNA:45,0,$s10CustomDump4diff__6formatSSSgx_xAA10DiffFormatVtlF0C4HelpL___7lhsName03rhsI09separator6indent6isRootSSyp_ypA2DSSSiSbtlFSbAD5label_yp5valuet_AdM_ypANttXEfU11_
FNL:46,641
FNA:46,0,$s10CustomDump4diff__6formatSSSgx_xAA10DiffFormatVtlF0C4HelpL___7lhsName03rhsI09separator6indent6isRootSSyp_ypA2DSSSiSbtlFSbAD5label_yp5valuet_AdM_ypANttXEfU11_SbyKXEfu_
FNL:47,644
FNA:47,0,$s10CustomDump4diff__6formatSSSgx_xAA10DiffFormatVtlF0C4HelpL___7lhsName03rhsI09separator6indent6isRootSSyp_ypA2DSSSiSbtlFSbAD5label_yp5valuet_AdM_ypANttcfU12_
FNL:48,687
FNA:48,0,$s10CustomDump4diff__6formatSSSgx_xAA10DiffFormatVtlF0C4HelpL___7lhsName03rhsI09separator6indent6isRootSSyp_ypA2DSSSiSbtlFyAD5label_yp5valuetz_SitXEfU13_
FNL:49,697
FNA:49,0,$s10CustomDump4diff__6formatSSSgx_xAA10DiffFormatVtlF0C4HelpL___7lhsName03rhsI09separator6indent6isRootSSyp_ypA2DSSSiSbtlFSbSJcfu9_
FNA:49,0,$s10CustomDump4diff__6formatSSSgx_xAA10DiffFormatVtlF0C4HelpL___7lhsName03rhsI09separator6indent6isRootSSyp_ypA2DSSSiSbtlFSbyKXEfu10_
FNA:49,0,$s10CustomDump4diff__6formatSSSgx_xAA10DiffFormatVtlF0C4HelpL___7lhsName03rhsI09separator6indent6isRootSSyp_ypA2DSSSiSbtlFSbyKXEfu10_SbSJcfu11_
FNL:50,705
FNA:50,0,$s10CustomDump4diff__6formatSSSgx_xAA10DiffFormatVtlF0C4HelpL___7lhsName03rhsI09separator6indent6isRootSSyp_ypA2DSSSiSbtlFAA4Line33_30C170F6D7096F9E31514D00DD550AC5LLVSscfu12_
FNL:51,713
FNA:51,0,$s10CustomDump4diff__6formatSSSgx_xAA10DiffFormatVtlF0C4HelpL___7lhsName03rhsI09separator6indent6isRootSSyp_ypA2DSSSiSbtlFAA4Line33_30C170F6D7096F9E31514D00DD550AC5LLVSscfu13_
FNL:52,727
FNA:52,0,$s10CustomDump4diff__6formatSSSgx_xAA10DiffFormatVtlF0C4HelpL___7lhsName03rhsI09separator6indent6isRootSSyp_ypA2DSSSiSbtlFSbAD5label_yp5valuet_AdM_ypANttXEfU14_
FNL:53,728
FNA:53,0,$s10CustomDump4diff__6formatSSSgx_xAA10DiffFormatVtlF0C4HelpL___7lhsName03rhsI09separator6indent6isRootSSyp_ypA2DSSSiSbtlFSbAD5label_yp5valuet_AdM_ypANttXEfU14_SbyKXEfu_
FNL:54,773
FNA:54,0,$s10CustomDump10DiffFormatV5first6second4bothACSS_S2StcfC
FNL:55,798
FNA:55,0,$s10CustomDump4Line33_30C170F6D7096F9E31514D00DD550AC5LLV2idSsvg
FNL:56,802
FNA:56,0,$s10CustomDump4Line33_30C170F6D7096F9E31514D00DD550AC5LLV06customB11DescriptionSSvg
FNL:57,813
FNA:57,0,$s10CustomDump01_A10DiffObjectPAARlzCrlE17_objectIdentifierSOvg
FNF:58
FNH:0
DA:28,0
DA:29,0
DA:30,0
DA:31,0
DA:32,0
DA:33,0
DA:34,0
DA:35,0
DA:36,0
DA:37,0
DA:38,0
DA:39,0
DA:40,0
DA:41,0
DA:42,0
DA:43,0
DA:44,0
DA:45,0
DA:46,0
DA:47,0
DA:48,0
DA:49,0
DA:50,0
DA:51,0
DA:52,0
DA:53,0
DA:54,0
DA:55,0
DA:56,0
DA:57,0
DA:58,0
DA:59,0
DA:60,0
DA:61,0
DA:62,0
DA:63,0
DA:64,0
DA:65,0
DA:66,0
DA:67,0
DA:68,0
DA:69,0
DA:70,0
DA:71,0
DA:72,0
DA:73,0
DA:74,0
DA:75,0
DA:76,0
DA:77,0
DA:78,0
DA:79,0
DA:80,0
DA:81,0
DA:82,0
DA:83,0
DA:84,0
DA:85,0
DA:86,0
DA:87,0
DA:88,0
DA:89,0
DA:90,0
DA:91,0
DA:92,0
DA:93,0
DA:94,0
DA:95,0
DA:96,0
DA:97,0
DA:98,0
DA:99,0
DA:100,0
DA:101,0
DA:102,0
DA:103,0
DA:104,0
DA:105,0
DA:106,0
DA:107,0
DA:108,0
DA:109,0
DA:110,0
DA:111,0
DA:112,0
DA:113,0
DA:114,0
DA:115,0
DA:116,0
DA:117,0
DA:118,0
DA:119,0
DA:120,0
DA:121,0
DA:122,0
DA:123,0
DA:124,0
DA:125,0
DA:126,0
DA:127,0
DA:128,0
DA:129,0
DA:130,0
DA:131,0
DA:132,0
DA:133,0
DA:134,0
DA:135,0
DA:136,0
DA:137,0
DA:138,0
DA:139,0
DA:140,0
DA:141,0
DA:142,0
DA:143,0
DA:144,0
DA:145,0
DA:146,0
DA:147,0
DA:148,0
DA:149,0
DA:150,0
DA:151,0
DA:152,0
DA:153,0
DA:154,0
DA:155,0
DA:156,0
DA:157,0
DA:158,0
DA:159,0
DA:160,0
DA:161,0
DA:162,0
DA:163,0
DA:164,0
DA:165,0
DA:166,0
DA:167,0
DA:168,0
DA:169,0
DA:170,0
DA:171,0
DA:172,0
DA:173,0
DA:174,0
DA:175,0
DA:176,0
DA:177,0
DA:178,0
DA:179,0
DA:180,0
DA:181,0
DA:182,0
DA:183,0
DA:184,0
DA:185,0
DA:186,0
DA:187,0
DA:188,0
DA:189,0
DA:190,0
DA:191,0
DA:192,0
DA:193,0
DA:194,0
DA:195,0
DA:196,0
DA:197,0
DA:198,0
DA:199,0
DA:200,0
DA:201,0
DA:202,0
DA:203,0
DA:204,0
DA:205,0
DA:206,0
DA:207,0
DA:208,0
DA:209,0
DA:210,0
DA:211,0
DA:212,0
DA:213,0
DA:214,0
DA:215,0
DA:216,0
DA:217,0
DA:218,0
DA:219,0
DA:220,0
DA:221,0
DA:222,0
DA:223,0
DA:224,0
DA:225,0
DA:226,0
DA:227,0
DA:228,0
DA:229,0
DA:230,0
DA:231,0
DA:232,0
DA:233,0
DA:234,0
DA:235,0
DA:236,0
DA:237,0
DA:238,0
DA:239,0
DA:240,0
DA:241,0
DA:242,0
DA:243,0
DA:244,0
DA:245,0
DA:246,0
DA:247,0
DA:248,0
DA:249,0
DA:250,0
DA:251,0
DA:252,0
DA:253,0
DA:254,0
DA:255,0
DA:256,0
DA:257,0
DA:258,0
DA:259,0
DA:260,0
DA:261,0
DA:262,0
DA:263,0
DA:264,0
DA:265,0
DA:266,0
DA:267,0
DA:268,0
DA:269,0
DA:270,0
DA:271,0
DA:272,0
DA:273,0
DA:274,0
DA:275,0
DA:276,0
DA:277,0
DA:278,0
DA:279,0
DA:280,0
DA:281,0
DA:282,0
DA:283,0
DA:284,0
DA:285,0
DA:286,0
DA:287,0
DA:288,0
DA:289,0
DA:290,0
DA:291,0
DA:292,0
DA:293,0
DA:294,0
DA:295,0
DA:296,0
DA:297,0
DA:298,0
DA:299,0
DA:300,0
DA:301,0
DA:302,0
DA:303,0
DA:304,0
DA:305,0
DA:306,0
DA:307,0
DA:308,0
DA:309,0
DA:310,0
DA:311,0
DA:312,0
DA:313,0
DA:314,0
DA:315,0
DA:316,0
DA:317,0
DA:318,0
DA:319,0
DA:320,0
DA:321,0
DA:322,0
DA:323,0
DA:324,0
DA:325,0
DA:326,0
DA:327,0
DA:328,0
DA:329,0
DA:330,0
DA:331,0
DA:332,0
DA:333,0
DA:334,0
DA:335,0
DA:336,0
DA:337,0
DA:338,0
DA:339,0
DA:340,0
DA:341,0
DA:342,0
DA:343,0
DA:344,0
DA:345,0
DA:346,0
DA:347,0
DA:348,0
DA:349,0
DA:350,0
DA:351,0
DA:352,0
DA:353,0
DA:354,0
DA:355,0
DA:356,0
DA:357,0
DA:358,0
DA:359,0
DA:360,0
DA:361,0
DA:362,0
DA:363,0
DA:364,0
DA:365,0
DA:366,0
DA:367,0
DA:368,0
DA:369,0
DA:370,0
DA:371,0
DA:372,0
DA:373,0
DA:374,0
DA:375,0
DA:376,0
DA:377,0
DA:378,0
DA:379,0
DA:380,0
DA:381,0
DA:382,0
DA:383,0
DA:384,0
DA:385,0
DA:386,0
DA:387,0
DA:388,0
DA:389,0
DA:390,0
DA:391,0
DA:392,0
DA:393,0
DA:394,0
DA:395,0
DA:396,0
DA:397,0
DA:398,0
DA:399,0
DA:400,0
DA:401,0
DA:402,0
DA:403,0
DA:404,0
DA:405,0
DA:406,0
DA:407,0
DA:408,0
DA:409,0
DA:410,0
DA:411,0
DA:412,0
DA:413,0
DA:414,0
DA:415,0
DA:416,0
DA:417,0
DA:418,0
DA:419,0
DA:420,0
DA:421,0
DA:422,0
DA:423,0
DA:424,0
DA:425,0
DA:426,0
DA:427,0
DA:428,0
DA:429,0
DA:430,0
DA:431,0
DA:432,0
DA:433,0
DA:434,0
DA:435,0
DA:436,0
DA:437,0
DA:438,0
DA:439,0
DA:440,0
DA:441,0
DA:442,0
DA:443,0
DA:444,0
DA:445,0
DA:446,0
DA:447,0
DA:448,0
DA:449,0
DA:450,0
DA:451,0
DA:452,0
DA:453,0
DA:454,0
DA:455,0
DA:456,0
DA:457,0
DA:458,0
DA:459,0
DA:460,0
DA:461,0
DA:462,0
DA:463,0
DA:464,0
DA:465,0
DA:466,0
DA:467,0
DA:468,0
DA:469,0
DA:470,0
DA:471,0
DA:472,0
DA:473,0
DA:474,0
DA:475,0
DA:476,0
DA:477,0
DA:478,0
DA:479,0
DA:480,0
DA:481,0
DA:482,0
DA:483,0
DA:484,0
DA:485,0
DA:486,0
DA:487,0
DA:488,0
DA:489,0
DA:490,0
DA:491,0
DA:492,0
DA:493,0
DA:494,0
DA:495,0
DA:496,0
DA:497,0
DA:498,0
DA:499,0
DA:500,0
DA:501,0
DA:502,0
DA:503,0
DA:504,0
DA:505,0
DA:506,0
DA:507,0
DA:508,0
DA:509,0
DA:510,0
DA:511,0
DA:512,0
DA:513,0
DA:514,0
DA:515,0
DA:516,0
DA:517,0
DA:518,0
DA:519,0
DA:520,0
DA:521,0
DA:522,0
DA:523,0
DA:524,0
DA:525,0
DA:526,0
DA:527,0
DA:528,0
DA:529,0
DA:530,0
DA:531,0
DA:532,0
DA:533,0
DA:534,0
DA:535,0
DA:536,0
DA:537,0
DA:538,0
DA:539,0
DA:540,0
DA:541,0
DA:542,0
DA:543,0
DA:544,0
DA:545,0
DA:546,0
DA:547,0
DA:548,0
DA:549,0
DA:550,0
DA:551,0
DA:552,0
DA:553,0
DA:554,0
DA:555,0
DA:556,0
DA:557,0
DA:558,0
DA:559,0
DA:560,0
DA:561,0
DA:562,0
DA:563,0
DA:564,0
DA:565,0
DA:566,0
DA:567,0
DA:568,0
DA:569,0
DA:570,0
DA:571,0
DA:572,0
DA:573,0
DA:574,0
DA:575,0
DA:576,0
DA:577,0
DA:578,0
DA:579,0
DA:580,0
DA:581,0
DA:582,0
DA:583,0
DA:584,0
DA:585,0
DA:586,0
DA:587,0
DA:588,0
DA:589,0
DA:590,0
DA:591,0
DA:592,0
DA:593,0
DA:594,0
DA:595,0
DA:596,0
DA:597,0
DA:598,0
DA:599,0
DA:600,0
DA:601,0
DA:602,0
DA:603,0
DA:604,0
DA:605,0
DA:606,0
DA:607,0
DA:608,0
DA:609,0
DA:610,0
DA:611,0
DA:612,0
DA:613,0
DA:614,0
DA:615,0
DA:616,0
DA:617,0
DA:618,0
DA:619,0
DA:620,0
DA:621,0
DA:622,0
DA:623,0
DA:624,0
DA:625,0
DA:626,0
DA:627,0
DA:628,0
DA:629,0
DA:630,0
DA:631,0
DA:632,0
DA:633,0
DA:634,0
DA:635,0
DA:636,0
DA:637,0
DA:638,0
DA:639,0
DA:640,0
DA:641,0
DA:642,0
DA:643,0
DA:644,0
DA:645,0
DA:646,0
DA:647,0
DA:648,0
DA:649,0
DA:650,0
DA:651,0
DA:652,0
DA:653,0
DA:654,0
DA:655,0
DA:656,0
DA:657,0
DA:658,0
DA:659,0
DA:660,0
DA:661,0
DA:662,0
DA:663,0
DA:664,0
DA:665,0
DA:666,0
DA:667,0
DA:668,0
DA:669,0
DA:670,0
DA:671,0
DA:672,0
DA:673,0
DA:674,0
DA:675,0
DA:676,0
DA:677,0
DA:678,0
DA:679,0
DA:680,0
DA:681,0
DA:682,0
DA:683,0
DA:684,0
DA:685,0
DA:686,0
DA:687,0
DA:688,0
DA:689,0
DA:690,0
DA:691,0
DA:692,0
DA:693,0
DA:694,0
DA:695,0
DA:696,0
DA:697,0
DA:698,0
DA:699,0
DA:700,0
DA:701,0
DA:702,0
DA:703,0
DA:704,0
DA:705,0
DA:706,0
DA:707,0
DA:708,0
DA:709,0
DA:710,0
DA:711,0
DA:712,0
DA:713,0
DA:714,0
DA:715,0
DA:716,0
DA:717,0
DA:718,0
DA:719,0
DA:720,0
DA:721,0
DA:722,0
DA:723,0
DA:724,0
DA:725,0
DA:726,0
DA:727,0
DA:728,0
DA:729,0
DA:730,0
DA:731,0
DA:732,0
DA:733,0
DA:734,0
DA:735,0
DA:736,0
DA:737,0
DA:738,0
DA:739,0
DA:740,0
DA:741,0
DA:742,0
DA:743,0
DA:744,0
DA:773,0
DA:774,0
DA:775,0
DA:776,0
DA:777,0
DA:798,0
DA:799,0
DA:800,0
DA:802,0
DA:803,0
DA:804,0
DA:813,0
DA:814,0
DA:815,0
LF:731
LH:0
end_of_record
TN:
SF:/Users/guilherme/.derivedData/Debug/SourcePackages/checkouts/swift-custom-dump/Sources/CustomDump/Dump.swift
FNL:0,105
FNA:0,0,$s10CustomDump07_customB0_2to4name0E6Suffix6indent6isRoot8maxDepth7trackerxx_q_zSSSgSSSiSbSiAA13ObjectTrackerVzts16TextOutputStreamR_r0_lF0cB4HelpL__AcdefgHyqd___qd_0_zAJSSSiSbSitsAMR_sAMRd_0_r0_0_lF
FNL:1,106
FNA:1,0,$s10CustomDump07_customB0_2to4name0E6Suffix6indent6isRoot8maxDepth7trackerxx_q_zSSSgSSSiSbSiAA13ObjectTrackerVzts16TextOutputStreamR_r0_lF0cB4HelpL__AcdefgHyqd___qd_0_zAJSSSiSbSitsAMR_sAMRd_0_r0_0_lFSbSWXEfU_
FNA:1,0,$s10CustomDump07_customB0_2to4name0E6Suffix6indent6isRoot8maxDepth7trackerxx_q_zSSSgSSSiSbSiAA13ObjectTrackerVzts16TextOutputStreamR_r0_lF0cB4HelpL__AcdefgHyqd___qd_0_zAJSSSiSbSitsAMR_sAMRd_0_r0_0_lFSbSWXEfU_Sbs5UInt8VXEfU_
FNL:2,108
FNA:2,0,$s10CustomDump07_customB0_2to4name0E6Suffix6indent6isRoot8maxDepth7trackerxx_q_zSSSgSSSiSbSiAA13ObjectTrackerVzts16TextOutputStreamR_r0_lF0cB4HelpL__AcdefgHyqd___qd_0_zAJSSSiSbSitsAMR_sAMRd_0_r0_0_lFS2SXEfU0_
FNA:2,0,$s10CustomDump07_customB0_2to4name0E6Suffix6indent6isRoot8maxDepth7trackerxx_q_zSSSgSSSiSbSiAA13ObjectTrackerVzts16TextOutputStreamR_r0_lF0cB4HelpL__AcdefgHyqd___qd_0_zAJSSSiSbSitsAMR_sAMRd_0_r0_0_lFSSyKXEfu_
FNL:3,123
FNA:3,0,$s10CustomDump07_customB0_2to4name0E6Suffix6indent6isRoot8maxDepth7trackerxx_q_zSSSgSSSiSbSiAA13ObjectTrackerVzts16TextOutputStreamR_r0_lF0cB4HelpL__AcdefgHyqd___qd_0_zAJSSSiSbSitsAMR_sAMRd_0_r0_0_lF12dumpChildrenL_2of6prefix6suffix10shouldSort6filter2by3mapys6MirrorV_S2SS2bAJ5label_yp5valuet_tXESbAjY_ypAZt_AjY_ypAZttXEyAjY_ypAZtz_SitXEtsAMR_sAMRd_0_r0_0_lFfA3_SbAjY_ypAZt_tcfU_
FNL:4,124
FNA:4,0,$s10CustomDump07_customB0_2to4name0E6Suffix6indent6isRoot8maxDepth7trackerxx_q_zSSSgSSSiSbSiAA13ObjectTrackerVzts16TextOutputStreamR_r0_lF0cB4HelpL__AcdefgHyqd___qd_0_zAJSSSiSbSitsAMR_sAMRd_0_r0_0_lF12dumpChildrenL_2of6prefix6suffix10shouldSort6filter2by3mapys6MirrorV_S2SS2bAJ5label_yp5valuet_tXESbAjY_ypAZt_AjY_ypAZttXEyAjY_ypAZtz_SitXEtsAMR_sAMRd_0_r0_0_lFfA4_SbAjY_ypAZt_AjY_ypAZttcfU_
FNL:5,125
FNA:5,0,$s10CustomDump07_customB0_2to4name0E6Suffix6indent6isRoot8maxDepth7trackerxx_q_zSSSgSSSiSbSiAA13ObjectTrackerVzts16TextOutputStreamR_r0_lF0cB4HelpL__AcdefgHyqd___qd_0_zAJSSSiSbSitsAMR_sAMRd_0_r0_0_lF12dumpChildrenL_2of6prefix6suffix10shouldSort6filter2by3mapys6MirrorV_S2SS2bAJ5label_yp5valuet_tXESbAjY_ypAZt_AjY_ypAZttXEyAjY_ypAZtz_SitXEtsAMR_sAMRd_0_r0_0_lFfA5_yAjY_ypAZtz_SitcfU_
FNL:6,126
FNA:6,0,$s10CustomDump07_customB0_2to4name0E6Suffix6indent6isRoot8maxDepth7trackerxx_q_zSSSgSSSiSbSiAA13ObjectTrackerVzts16TextOutputStreamR_r0_lF0cB4HelpL__AcdefgHyqd___qd_0_zAJSSSiSbSitsAMR_sAMRd_0_r0_0_lF12dumpChildrenL_2of6prefix6suffix10shouldSort6filter2by3mapys6MirrorV_S2SS2bAJ5label_yp5valuet_tXESbAjY_ypAZt_AjY_ypAZttXEyAjY_ypAZtz_SitXEtsAMR_sAMRd_0_r0_0_lF
FNL:7,157
FNA:7,0,$s10CustomDump07_customB0_2to4name0E6Suffix6indent6isRoot8maxDepth7trackerxx_q_zSSSgSSSiSbSiAA13ObjectTrackerVzts16TextOutputStreamR_r0_lF0cB4HelpL__AcdefgHyqd___qd_0_zAJSSSiSbSitsAMR_sAMRd_0_r0_0_lF12dumpChildrenL_2of6prefix6suffix10shouldSort6filter2by3mapys6MirrorV_S2SS2bAJ5label_yp5valuet_tXESbAjY_ypAZt_AjY_ypAZttXEyAjY_ypAZtz_SitXEtsAMR_sAMRd_0_r0_0_lFSbAjY_ypAZt_tXEfU_
FNL:8,193
FNA:8,0,$s10CustomDump07_customB0_2to4name0E6Suffix6indent6isRoot8maxDepth7trackerxx_q_zSSSgSSSiSbSiAA13ObjectTrackerVzts16TextOutputStreamR_r0_lF0cB4HelpL__AcdefgHyqd___qd_0_zAJSSSiSbSitsAMR_sAMRd_0_r0_0_lFSuyXEfu0_
FNL:9,194
FNA:9,0,$s10CustomDump07_customB0_2to4name0E6Suffix6indent6isRoot8maxDepth7trackerxx_q_zSSSgSSSiSbSiAA13ObjectTrackerVzts16TextOutputStreamR_r0_lF0cB4HelpL__AcdefgHyqd___qd_0_zAJSSSiSbSitsAMR_sAMRd_0_r0_0_lF10occurrenceL_SuvW
FNL:10,197
FNA:10,0,$s10CustomDump07_customB0_2to4name0E6Suffix6indent6isRoot8maxDepth7trackerxx_q_zSSSgSSSiSbSiAA13ObjectTrackerVzts16TextOutputStreamR_r0_lF0cB4HelpL__AcdefgHyqd___qd_0_zAJSSSiSbSitsAMR_sAMRd_0_r0_0_lF2idL_SSvg
FNL:11,198
FNA:11,0,$s10CustomDump07_customB0_2to4name0E6Suffix6indent6isRoot8maxDepth7trackerxx_q_zSSSgSSSiSbSiAA13ObjectTrackerVzts16TextOutputStreamR_r0_lF0cB4HelpL__AcdefgHyqd___qd_0_zAJSSSiSbSitsAMR_sAMRd_0_r0_0_lF2idL_SSvgSuyXEfu_
FNL:12,235
FNA:12,0,$s10CustomDump07_customB0_2to4name0E6Suffix6indent6isRoot8maxDepth7trackerxx_q_zSSSgSSSiSbSiAA13ObjectTrackerVzts16TextOutputStreamR_r0_lF0cB4HelpL__AcdefgHyqd___qd_0_zAJSSSiSbSitsAMR_sAMRd_0_r0_0_lFSuyXEfu1_
FNL:13,236
FNA:13,0,$s10CustomDump07_customB0_2to4name0E6Suffix6indent6isRoot8maxDepth7trackerxx_q_zSSSgSSSiSbSiAA13ObjectTrackerVzts16TextOutputStreamR_r0_lF0cB4HelpL__AcdefgHyqd___qd_0_zAJSSSiSbSitsAMR_sAMRd_0_r0_0_lF10occurrenceL0_SuvW
FNL:14,239
FNA:14,0,$s10CustomDump07_customB0_2to4name0E6Suffix6indent6isRoot8maxDepth7trackerxx_q_zSSSgSSSiSbSiAA13ObjectTrackerVzts16TextOutputStreamR_r0_lF0cB4HelpL__AcdefgHyqd___qd_0_zAJSSSiSbSitsAMR_sAMRd_0_r0_0_lF2idL0_SSvg
FNL:15,240
FNA:15,0,$s10CustomDump07_customB0_2to4name0E6Suffix6indent6isRoot8maxDepth7trackerxx_q_zSSSgSSSiSbSiAA13ObjectTrackerVzts16TextOutputStreamR_r0_lF0cB4HelpL__AcdefgHyqd___qd_0_zAJSSSiSbSitsAMR_sAMRd_0_r0_0_lF2idL0_SSvgSuyXEfu_
FNL:16,275
FNA:16,0,$s10CustomDump07_customB0_2to4name0E6Suffix6indent6isRoot8maxDepth7trackerxx_q_zSSSgSSSiSbSiAA13ObjectTrackerVzts16TextOutputStreamR_r0_lF0cB4HelpL__AcdefgHyqd___qd_0_zAJSSSiSbSitsAMR_sAMRd_0_r0_0_lFyAJ5label_yp5valuetz_SitXEfU1_
FNL:17,288
FNA:17,0,$s10CustomDump07_customB0_2to4name0E6Suffix6indent6isRoot8maxDepth7trackerxx_q_zSSSgSSSiSbSiAA13ObjectTrackerVzts16TextOutputStreamR_r0_lF0cB4HelpL__AcdefgHyqd___qd_0_zAJSSSiSbSitsAMR_sAMRd_0_r0_0_lFSbAJ5label_yp5valuet_AjO_ypAPttXEfU2_
FNL:18,312
FNA:18,0,$s10CustomDump07_customB0_2to4name0E6Suffix6indent6isRoot8maxDepth7trackerxx_q_zSSSgSSSiSbSiAA13ObjectTrackerVzts16TextOutputStreamR_r0_lF0cB4HelpL__AcdefgHyqd___qd_0_zAJSSSiSbSitsAMR_sAMRd_0_r0_0_lFyAJ5label_yp5valuetz_SitXEfU3_
FNL:19,32
FNA:19,0,$s10CustomDump06customB0_4name6indent8maxDepthxx_SSSgS2itlF
FNL:20,337
FNA:20,0,$s10CustomDump07_customB0_2to4name0E6Suffix6indent6isRoot8maxDepth7trackerxx_q_zSSSgSSSiSbSiAA13ObjectTrackerVzts16TextOutputStreamR_r0_lF0cB4HelpL__AcdefgHyqd___qd_0_zAJSSSiSbSitsAMR_sAMRd_0_r0_0_lFSSyKXEfu2_
FNL:21,340
FNA:21,0,$s10CustomDump07_customB0_2to4name0E6Suffix6indent6isRoot8maxDepth7trackerxx_q_zSSSgSSSiSbSiAA13ObjectTrackerVzts16TextOutputStreamR_r0_lF0cB4HelpL__AcdefgHyqd___qd_0_zAJSSSiSbSitsAMR_sAMRd_0_r0_0_lFyAJ5label_yp5valuetz_SitXEfU4_
FNL:22,370
FNA:22,0,$s10CustomDump07_customB0_2to4name0E6Suffix6indent6isRoot8maxDepth7trackerxx_q_zSSSgSSSiSbSiAA13ObjectTrackerVzts16TextOutputStreamR_r0_lF0cB4HelpL__AcdefgHyqd___qd_0_zAJSSSiSbSitsAMR_sAMRd_0_r0_0_lFSbAJ5label_yp5valuet_AjO_ypAPttXEfU5_
FNL:23,406
FNA:23,0,$s10CustomDump07_customB0_2to4name0E6Suffix6indent6isRoot8maxDepth7trackerxx_q_zSSSgSSSiSbSiAA13ObjectTrackerVzts16TextOutputStreamR_r0_lF0cB4HelpL__AcdefgHyqd___qd_0_zAJSSSiSbSitsAMR_sAMRd_0_r0_0_lFyAJ5label_yp5valuetz_SitXEfU6_
FNL:24,41
FNA:24,0,$sSS10CustomDumpE13customDumpingSSx_tclufC
FNL:25,415
FNA:25,0,$s10CustomDump07_customB0_2to4name0E6Suffix6indent6isRoot8maxDepth7trackerxx_q_zSSSgSSSiSbSiAA13ObjectTrackerVzts16TextOutputStreamR_r0_lF0cB4HelpL__AcdefgHyqd___qd_0_zAJSSSiSbSitsAMR_sAMRd_0_r0_0_lFSbSJcfu3_
FNL:26,425
FNA:26,0,$s10CustomDump07_customB0_2to4name0E6Suffix6indent6isRoot8maxDepth7trackerxx_q_zSSSgSSSiSbSiAA13ObjectTrackerVzts16TextOutputStreamR_r0_lF0cB4HelpL__AcdefgHyqd___qd_0_zAJSSSiSbSitsAMR_sAMRd_0_r0_0_lFSbyKXEfu4_
FNL:27,436
FNA:27,0,$s10CustomDump07_customB0_2to4name0E6Suffix6indent6isRoot8maxDepth7trackerxx_q_zSSSgSSSiSbSiAA13ObjectTrackerVzts16TextOutputStreamR_r0_lF0cB4HelpL__AcdefgHyqd___qd_0_zAJSSSiSbSitsAMR_sAMRd_0_r0_0_lFS2SXEfU7_
FNA:27,0,$s10CustomDump07_customB0_2to4name0E6Suffix6indent6isRoot8maxDepth7trackerxx_q_zSSSgSSSiSbSiAA13ObjectTrackerVzts16TextOutputStreamR_r0_lF0cB4HelpL__AcdefgHyqd___qd_0_zAJSSSiSbSitsAMR_sAMRd_0_r0_0_lFSSyKXEfu5_
FNL:28,459
FNA:28,0,$s10CustomDump07_customB0_4name0D6Suffix6indent6isRoot8maxDepth7trackerSSyp_SSSgSSSiSbSiAA13ObjectTrackerVztF
FNL:29,476
FNA:29,0,$s10CustomDump19macroPropertyFilter3forSbSSSg5label_yp5valuet_tcyp_tF
FNL:30,478
FNA:30,0,$s10CustomDump19macroPropertyFilter3forSbSSSg5label_yp5valuet_tcyp_tFSbAdE_ypAFt_tcfU_
FNL:31,479
FNA:31,0,$s10CustomDump19macroPropertyFilter3forSbSSSg5label_yp5valuet_tcyp_tFSbAdE_ypAFt_tcfU0_
FNA:31,0,$s10CustomDump19macroPropertyFilter3forSbSSSg5label_yp5valuet_tcyp_tFSbAdE_ypAFt_tcfU0_SbSSXEfU_
FNA:31,0,$s10CustomDump19macroPropertyFilter3forSbSSSg5label_yp5valuet_tcyp_tFSbAdE_ypAFt_tcfU0_SbyKXEfu_
FNL:32,49
FNA:32,0,$s10CustomDump13ObjectTrackerV9idPerItemSDySOSuGvpfi
FNL:33,50
FNA:33,0,$s10CustomDump13ObjectTrackerV17occurrencePerTypeSDySSSuGvpfi
FNL:34,51
FNA:34,0,$s10CustomDump13ObjectTrackerV12visitedItemsShySOGvpfi
FNL:35,73
FNA:35,0,$s10CustomDump06customB0_2to4name6indent8maxDepthxx_q_zSSSgS2its16TextOutputStreamR_r0_lF
FNL:36,96
FNA:36,0,$s10CustomDump07_customB0_2to4name0E6Suffix6indent6isRoot8maxDepth7trackerxx_q_zSSSgSSSiSbSiAA13ObjectTrackerVzts16TextOutputStreamR_r0_lF
FNF:37
FNH:0
DA:32,0
DA:33,0
DA:34,0
DA:35,0
DA:36,0
DA:37,0
DA:41,0
DA:42,0
DA:43,0
DA:44,0
DA:45,0
DA:49,0
DA:50,0
DA:51,0
DA:73,0
DA:74,0
DA:75,0
DA:76,0
DA:77,0
DA:78,0
DA:79,0
DA:80,0
DA:81,0
DA:82,0
DA:83,0
DA:84,0
DA:96,0
DA:97,0
DA:98,0
DA:99,0
DA:100,0
DA:101,0
DA:102,0
DA:103,0
DA:104,0
DA:105,0
DA:106,0
DA:107,0
DA:108,0
DA:109,0
DA:110,0
DA:111,0
DA:112,0
DA:113,0
DA:114,0
DA:115,0
DA:116,0
DA:117,0
DA:118,0
DA:119,0
DA:120,0
DA:121,0
DA:122,0
DA:123,0
DA:124,0
DA:125,0
DA:126,0
DA:127,0
DA:128,0
DA:129,0
DA:130,0
DA:131,0
DA:132,0
DA:133,0
DA:134,0
DA:135,0
DA:136,0
DA:137,0
DA:138,0
DA:139,0
DA:140,0
DA:141,0
DA:142,0
DA:143,0
DA:144,0
DA:145,0
DA:146,0
DA:147,0
DA:148,0
DA:149,0
DA:150,0
DA:151,0
DA:152,0
DA:153,0
DA:154,0
DA:155,0
DA:156,0
DA:157,0
DA:158,0
DA:159,0
DA:160,0
DA:161,0
DA:162,0
DA:163,0
DA:164,0
DA:165,0
DA:166,0
DA:167,0
DA:168,0
DA:169,0
DA:170,0
DA:171,0
DA:172,0
DA:173,0
DA:174,0
DA:175,0
DA:176,0
DA:177,0
DA:178,0
DA:179,0
DA:180,0
DA:181,0
DA:182,0
DA:183,0
DA:184,0
DA:185,0
DA:186,0
DA:187,0
DA:188,0
DA:189,0
DA:190,0
DA:191,0
DA:192,0
DA:193,0
DA:194,0
DA:195,0
DA:196,0
DA:197,0
DA:198,0
DA:199,0
DA:200,0
DA:201,0
DA:202,0
DA:203,0
DA:204,0
DA:205,0
DA:206,0
DA:207,0
DA:208,0
DA:209,0
DA:210,0
DA:211,0
DA:212,0
DA:213,0
DA:214,0
DA:215,0
DA:216,0
DA:217,0
DA:218,0
DA:219,0
DA:220,0
DA:221,0
DA:222,0
DA:223,0
DA:224,0
DA:225,0
DA:226,0
DA:227,0
DA:228,0
DA:229,0
DA:230,0
DA:231,0
DA:232,0
DA:233,0
DA:234,0
DA:235,0
DA:236,0
DA:237,0
DA:238,0
DA:239,0
DA:240,0
DA:241,0
DA:242,0
DA:243,0
DA:244,0
DA:245,0
DA:246,0
DA:247,0
DA:248,0
DA:249,0
DA:250,0
DA:251,0
DA:252,0
DA:253,0
DA:254,0
DA:255,0
DA:256,0
DA:257,0
DA:258,0
DA:259,0
DA:260,0
DA:261,0
DA:262,0
DA:263,0
DA:264,0
DA:265,0
DA:266,0
DA:267,0
DA:268,0
DA:269,0
DA:270,0
DA:271,0
DA:272,0
DA:273,0
DA:274,0
DA:275,0
DA:276,0
DA:277,0
DA:278,0
DA:279,0
DA:280,0
DA:281,0
DA:282,0
DA:283,0
DA:284,0
DA:285,0
DA:286,0
DA:287,0
DA:288,0
DA:289,0
DA:290,0
DA:291,0
DA:292,0
DA:293,0
DA:294,0
DA:295,0
DA:296,0
DA:297,0
DA:298,0
DA:299,0
DA:300,0
DA:301,0
DA:302,0
DA:303,0
DA:304,0
DA:305,0
DA:306,0
DA:307,0
DA:308,0
DA:309,0
DA:310,0
DA:311,0
DA:312,0
DA:313,0
DA:314,0
DA:315,0
DA:316,0
DA:317,0
DA:318,0
DA:319,0
DA:320,0
DA:321,0
DA:322,0
DA:323,0
DA:324,0
DA:325,0
DA:326,0
DA:327,0
DA:328,0
DA:329,0
DA:330,0
DA:331,0
DA:332,0
DA:333,0
DA:334,0
DA:335,0
DA:336,0
DA:337,0
DA:338,0
DA:339,0
DA:340,0
DA:341,0
DA:342,0
DA:343,0
DA:344,0
DA:345,0
DA:346,0
DA:347,0
DA:348,0
DA:349,0
DA:350,0
DA:351,0
DA:352,0
DA:353,0
DA:354,0
DA:355,0
DA:356,0
DA:357,0
DA:358,0
DA:359,0
DA:360,0
DA:361,0
DA:362,0
DA:363,0
DA:364,0
DA:365,0
DA:366,0
DA:367,0
DA:368,0
DA:369,0
DA:370,0
DA:371,0
DA:372,0
DA:373,0
DA:374,0
DA:375,0
DA:376,0
DA:377,0
DA:378,0
DA:379,0
DA:380,0
DA:381,0
DA:382,0
DA:383,0
DA:384,0
DA:385,0
DA:386,0
DA:387,0
DA:388,0
DA:389,0
DA:390,0
DA:391,0
DA:392,0
DA:393,0
DA:394,0
DA:395,0
DA:396,0
DA:397,0
DA:398,0
DA:399,0
DA:400,0
DA:401,0
DA:402,0
DA:403,0
DA:404,0
DA:405,0
DA:406,0
DA:407,0
DA:408,0
DA:409,0
DA:410,0
DA:411,0
DA:412,0
DA:413,0
DA:414,0
DA:415,0
DA:416,0
DA:417,0
DA:418,0
DA:419,0
DA:420,0
DA:421,0
DA:422,0
DA:423,0
DA:424,0
DA:425,0
DA:426,0
DA:427,0
DA:428,0
DA:429,0
DA:430,0
DA:431,0
DA:432,0
DA:433,0
DA:434,0
DA:435,0
DA:436,0
DA:437,0
DA:438,0
DA:439,0
DA:440,0
DA:441,0
DA:442,0
DA:443,0
DA:444,0
DA:445,0
DA:446,0
DA:447,0
DA:448,0
DA:449,0
DA:459,0
DA:460,0
DA:461,0
DA:462,0
DA:463,0
DA:464,0
DA:465,0
DA:466,0
DA:467,0
DA:468,0
DA:469,0
DA:470,0
DA:471,0
DA:472,0
DA:473,0
DA:474,0
DA:476,0
DA:477,0
DA:478,0
DA:479,0
DA:480,0
LF:401
LH:0
end_of_record
TN:
SF:/Users/guilherme/.derivedData/Debug/SourcePackages/checkouts/swift-custom-dump/Sources/CustomDump/ExpectDifference.swift
FNL:0,115
FNA:0,0,$s10CustomDump16expectDifference__9operation7changes6fileID0G4Path4line6columnyxyYbKXK_SSSgyYbXKyyYaYbKXEyxzYbKXEs12StaticStringVAKS2utYaSQRzs8SendableRzlFfA1_yyYaYbcfU_
FNL:1,121
FNA:1,0,$s10CustomDump16expectDifference__9operation7changes6fileID0G4Path4line6columnyxyYbKXK_SSSgyYbXKyyYaYbKXEyxzYbKXEs12StaticStringVAKS2utYaSQRzs8SendableRzlF
FNL:2,132
FNA:2,0,$s10CustomDump16expectDifference__9operation7changes6fileID0G4Path4line6columnyxyYbKXK_SSSgyYbXKyyYaYbKXEyxzYbKXEs12StaticStringVAKS2utYaSQRzs8SendableRzlFAIyXEfu_
FNL:3,143
FNA:3,0,$s10CustomDump16expectDifference__9operation7changes6fileID0G4Path4line6columnyxyYbKXK_SSSgyYbXKyyYaYbKXEyxzYbKXEs12StaticStringVAKS2utYaSQRzs8SendableRzlFAIyXEfu0_
FNL:4,144
FNA:4,0,$s10CustomDump16expectDifference__9operation7changes6fileID0G4Path4line6columnyxyYbKXK_SSSgyYbXKyyYaYbKXEyxzYbKXEs12StaticStringVAKS2utYaSQRzs8SendableRzlFAIyXEfu0_SSyKXEfu1_
FNL:5,156
FNA:5,0,$s10CustomDump16expectDifference__9operation7changes6fileID0G4Path4line6columnyxyYbKXK_SSSgyYbXKyyYaYbKXEyxzYbKXEs12StaticStringVAKS2utYaSQRzs8SendableRzlFAIyXEfu2_
FNL:6,57
FNA:6,0,$s10CustomDump16expectDifference__9operation7changes6fileID0G4Path4line6columnyxyKXK_SSSgyXKyyKXEyxzKXEs12StaticStringVAKS2utSQRzlFfA1_yycfU_
FNL:7,63
FNA:7,0,$s10CustomDump16expectDifference__9operation7changes6fileID0G4Path4line6columnyxyKXK_SSSgyXKyyKXEyxzKXEs12StaticStringVAKS2utSQRzlF
FNL:8,74
FNA:8,0,$s10CustomDump16expectDifference__9operation7changes6fileID0G4Path4line6columnyxyKXK_SSSgyXKyyKXEyxzKXEs12StaticStringVAKS2utSQRzlFAIyXEfu_
FNL:9,85
FNA:9,0,$s10CustomDump16expectDifference__9operation7changes6fileID0G4Path4line6columnyxyKXK_SSSgyXKyyKXEyxzKXEs12StaticStringVAKS2utSQRzlFAIyXEfu0_
FNL:10,86
FNA:10,0,$s10CustomDump16expectDifference__9operation7changes6fileID0G4Path4line6columnyxyKXK_SSSgyXKyyKXEyxzKXEs12StaticStringVAKS2utSQRzlFAIyXEfu0_SSyKXEfu1_
FNL:11,98
FNA:11,0,$s10CustomDump16expectDifference__9operation7changes6fileID0G4Path4line6columnyxyKXK_SSSgyXKyyKXEyxzKXEs12StaticStringVAKS2utSQRzlFAIyXEfu2_
FNF:12
FNH:0
DA:57,0
DA:63,0
DA:64,0
DA:65,0
DA:66,0
DA:67,0
DA:68,0
DA:69,0
DA:70,0
DA:71,0
DA:72,0
DA:73,0
DA:74,0
DA:75,0
DA:76,0
DA:77,0
DA:78,0
DA:79,0
DA:80,0
DA:81,0
DA:82,0
DA:83,0
DA:84,0
DA:85,0
DA:86,0
DA:87,0
DA:88,0
DA:89,0
DA:90,0
DA:91,0
DA:92,0
DA:93,0
DA:94,0
DA:95,0
DA:96,0
DA:97,0
DA:98,0
DA:99,0
DA:100,0
DA:101,0
DA:102,0
DA:103,0
DA:104,0
DA:105,0
DA:106,0
DA:115,0
DA:121,0
DA:122,0
DA:123,0
DA:124,0
DA:125,0
DA:126,0
DA:127,0
DA:128,0
DA:129,0
DA:130,0
DA:131,0
DA:132,0
DA:133,0
DA:134,0
DA:135,0
DA:136,0
DA:137,0
DA:138,0
DA:139,0
DA:140,0
DA:141,0
DA:142,0
DA:143,0
DA:144,0
DA:145,0
DA:146,0
DA:147,0
DA:148,0
DA:149,0
DA:150,0
DA:151,0
DA:152,0
DA:153,0
DA:154,0
DA:155,0
DA:156,0
DA:157,0
DA:158,0
DA:159,0
DA:160,0
DA:161,0
DA:162,0
DA:163,0
DA:164,0
LF:90
LH:0
end_of_record
TN:
SF:/Users/guilherme/.derivedData/Debug/SourcePackages/checkouts/swift-custom-dump/Sources/CustomDump/ExpectNoDifference.swift
FNL:0,54
FNA:0,21,$s10CustomDump18expectNoDifference___6fileID0F4Path4line6columnyxyKXK_xyKXKSSSgyXKs12StaticStringVAIS2utSQRzlF
FNL:1,64
FNA:1,0,$s10CustomDump18expectNoDifference___6fileID0F4Path4line6columnyxyKXK_xyKXKSSSgyXKs12StaticStringVAIS2utSQRzlFAGyXEfu_
FNL:2,75
[...]
FNL:25,535
FNA:25,1,$s7Storage0A7FileApiC12getPublicURL4path8download7options10Foundation0F0VSS_SbAA16TransformOptionsVSgtKF
FNL:26,546
FNA:26,0,$s7Storage0A7FileApiC21createSignedUploadURL4path7optionsAA0efG0VSS_AA06CreateeF10URLOptionsVSgtYaKF
FNL:27,55
FNA:27,1,$s7Storage15testingBoundary17ConcurrencyExtras12LockIsolatedCySSSgGvpfiAFyYbKXEfu_
FNL:28,571
FNA:28,0,$s7Storage0A7FileApiC21createSignedUploadURL4path7optionsAA0efG0VSS_AA06CreateeF10URLOptionsVSgtYaKFSb10Foundation12URLQueryItemVXEfU_
FNL:29,599
FNA:29,0,$s7Storage0A7FileApiC17uploadToSignedURL_5token4data7optionsAA0F17URLUploadResponseVSS_SS10Foundation4DataVAA0B7OptionsVSgtYaKF
FNL:30,621
FNA:30,0,$s7Storage0A7FileApiC17uploadToSignedURL_5token04fileG07optionsAA0F17URLUploadResponseVSS_SS10Foundation0G0VAA0B7OptionsVSgtYaKF
FNL:31,63
FNA:31,7,$s7Storage0A7FileApiC8bucketId13configurationACSS_AA0A19ClientConfigurationVtcfc
FNL:32,635
FNA:32,0,$s7Storage0A7FileApiC18_uploadToSignedURL33_A1553F1A87EFD068AE63B91331C5670DLL4path5token4file7optionsAA0F17URLUploadResponseVSS_SSAA0B6UploadOAA0B7OptionsVSgtYaKF
FNL:33,636
FNA:33,0,$s7Storage0A7FileApiC18_uploadToSignedURL33_A1553F1A87EFD068AE63B91331C5670DLL4path5token4file7optionsAA0F17URLUploadResponseVSS_SSAA0B6UploadOAA0B7OptionsVSgtYaKFAOyKXEfu_
FNL:34,637
FNA:34,0,$s7Storage0A7FileApiC18_uploadToSignedURL33_A1553F1A87EFD068AE63B91331C5670DLL4path5token4file7optionsAA0F17URLUploadResponseVSS_SSAA0B6UploadOAA0B7OptionsVSgtYaKF9HTTPTypes10HTTPFieldsVSDyS2SGXEfU_
FNA:34,0,$s7Storage0A7FileApiC18_uploadToSignedURL33_A1553F1A87EFD068AE63B91331C5670DLL4path5token4file7optionsAA0F17URLUploadResponseVSS_SSAA0B6UploadOAA0B7OptionsVSgtYaKF9HTTPTypes10HTTPFieldsVyKXEfu0_
FNL:35,666
FNA:35,2,$s7Storage0A7FileApiC13_getFinalPath33_A1553F1A87EFD068AE63B91331C5670DLLyS2SF
FNL:36,670
FNA:36,2,$s7Storage0A7FileApiC19_removeEmptyFolders33_A1553F1A87EFD068AE63B91331C5670DLLyS2SF
FNL:37,81
FNA:37,2,$s7Storage0A7FileApiC15_uploadOrUpdate33_A1553F1A87EFD068AE63B91331C5670DLL6method4path4file7optionsAA0B14UploadResponseV9HTTPTypes11HTTPRequestV6MethodV_SSAA0bR0OAA0B7OptionsVSgtYaKF
FNL:38,82
FNA:38,0,$s7Storage0A7FileApiC15_uploadOrUpdate33_A1553F1A87EFD068AE63B91331C5670DLL6method4path4file7optionsAA0B14UploadResponseV9HTTPTypes11HTTPRequestV6MethodV_SSAA0bR0OAA0B7OptionsVSgtYaKFATyKXEfu_
FNL:39,83
FNA:39,0,$s7Storage0A7FileApiC15_uploadOrUpdate33_A1553F1A87EFD068AE63B91331C5670DLL6method4path4file7optionsAA0B14UploadResponseV9HTTPTypes11HTTPRequestV6MethodV_SSAA0bR0OAA0B7OptionsVSgtYaKFAL10HTTPFieldsVSDyS2SGXEfU_
FNA:39,2,$s7Storage0A7FileApiC15_uploadOrUpdate33_A1553F1A87EFD068AE63B91331C5670DLL6method4path4file7optionsAA0B14UploadResponseV9HTTPTypes11HTTPRequestV6MethodV_SSAA0bR0OAA0B7OptionsVSgtYaKFAL10HTTPFieldsVyKXEfu0_
FNF:40
FNH:15
DA:28,2
DA:29,2
DA:30,2
DA:31,2
DA:32,2
DA:33,2
DA:34,2
DA:35,2
DA:36,2
DA:37,2
DA:38,2
DA:39,2
DA:40,1
DA:41,1
DA:42,1
DA:43,1
DA:44,1
DA:45,1
DA:46,2
DA:47,2
DA:48,1
DA:49,2
DA:50,2
DA:55,1
DA:63,7
DA:64,7
DA:65,7
DA:66,7
DA:81,2
DA:82,2
DA:83,2
DA:84,2
DA:85,2
DA:86,2
DA:87,2
DA:88,2
DA:89,2
DA:90,2
DA:92,2
DA:96,2
DA:97,2
DA:98,2
DA:99,2
DA:100,2
DA:101,2
DA:102,2
DA:103,2
DA:104,2
DA:105,2
DA:106,2
DA:107,2
DA:108,2
DA:109,2
DA:110,2
DA:111,2
DA:112,2
DA:113,2
DA:114,2
DA:115,2
DA:116,2
DA:117,2
DA:118,2
DA:119,2
DA:120,2
DA:121,2
DA:122,2
DA:123,2
DA:135,1
DA:136,1
DA:137,1
DA:138,1
DA:139,1
DA:140,1
DA:141,1
DA:142,1
DA:154,1
DA:155,1
DA:156,1
DA:157,1
DA:158,1
DA:159,1
DA:160,1
DA:161,1
DA:173,0
DA:174,0
DA:175,0
DA:176,0
DA:177,0
DA:178,0
DA:179,0
DA:180,0
DA:192,0
DA:193,0
DA:194,0
DA:195,0
DA:196,0
DA:197,0
DA:198,0
DA:199,0
DA:210,0
DA:211,0
DA:212,0
DA:213,0
DA:214,0
DA:215,0
DA:216,0
DA:217,0
DA:218,0
DA:219,0
DA:220,0
DA:221,0
DA:222,0
DA:223,0
DA:224,0
DA:225,0
DA:237,0
DA:238,0
DA:239,0
DA:240,0
DA:241,0
DA:242,0
DA:243,0
DA:244,0
DA:245,0
DA:246,0
DA:247,0
DA:248,0
DA:249,0
DA:250,0
DA:251,0
DA:252,0
DA:253,0
DA:254,0
DA:255,0
DA:256,0
DA:257,0
DA:258,0
DA:271,0
DA:272,0
DA:273,0
DA:274,0
DA:275,0
DA:276,0
DA:277,0
DA:278,0
DA:279,0
DA:280,0
DA:281,0
DA:282,0
DA:283,0
DA:284,0
DA:285,0
DA:286,0
DA:287,0
DA:288,0
DA:289,0
DA:290,0
DA:291,0
DA:304,0
DA:305,0
DA:306,0
DA:307,0
DA:308,0
DA:309,0
DA:310,0
DA:311,0
DA:322,1
DA:323,1
DA:324,1
DA:325,1
DA:326,1
DA:327,1
DA:328,1
DA:329,1
DA:330,1
DA:331,1
DA:332,1
DA:333,1
DA:334,1
DA:335,1
DA:336,1
DA:337,1
DA:338,1
DA:339,1
DA:340,1
DA:341,2
DA:342,1
DA:353,0
DA:354,0
DA:355,0
DA:357,2
DA:358,2
DA:359,2
DA:360,2
DA:361,2
DA:362,2
DA:363,2
DA:364,2
DA:365,0
DA:366,2
DA:367,2
DA:368,2
DA:369,2
DA:370,2
DA:371,2
DA:372,0
DA:373,0
DA:374,2
DA:375,2
DA:376,0
DA:377,2
DA:378,2
DA:379,2
DA:380,2
DA:386,0
DA:387,0
DA:388,0
DA:389,0
DA:390,0
DA:391,0
DA:392,0
DA:393,0
DA:394,0
DA:395,0
DA:404,0
DA:405,0
DA:406,0
DA:407,0
DA:408,0
DA:409,0
DA:410,0
DA:411,0
DA:412,0
DA:413,0
DA:414,0
DA:415,0
DA:416,0
DA:417,0
DA:418,0
DA:429,0
DA:430,0
DA:431,0
DA:432,0
DA:433,0
DA:434,0
DA:435,0
DA:436,0
DA:437,0
DA:438,0
DA:439,0
DA:440,0
DA:441,0
DA:442,0
DA:443,0
DA:446,0
DA:447,0
DA:448,0
DA:449,0
DA:450,0
DA:451,0
DA:452,0
DA:453,0
DA:454,0
DA:455,0
DA:456,0
DA:459,0
DA:460,0
DA:461,0
DA:462,0
DA:463,0
DA:464,0
DA:465,0
DA:466,0
DA:467,0
DA:468,0
DA:469,0
DA:470,0
DA:471,0
DA:472,0
DA:473,0
DA:474,0
DA:475,0
DA:476,0
DA:477,0
DA:478,0
DA:479,0
DA:480,0
DA:481,0
DA:482,0
DA:483,0
DA:496,4
DA:497,4
DA:498,4
DA:499,4
DA:500,4
DA:501,0
DA:502,4
DA:503,4
DA:504,4
DA:505,3
DA:506,3
DA:507,4
DA:508,4
DA:509,1
DA:510,1
DA:511,4
DA:512,4
DA:513,4
DA:514,4
DA:515,4
DA:516,4
DA:517,4
DA:518,0
DA:519,4
DA:520,4
DA:521,4
DA:522,4
DA:535,1
DA:536,1
DA:537,1
DA:546,0
DA:547,0
DA:548,0
DA:549,0
DA:550,0
DA:551,0
DA:552,0
DA:553,0
DA:554,0
DA:555,0
DA:556,0
DA:557,0
DA:558,0
DA:559,0
DA:560,0
DA:561,0
DA:562,0
DA:563,0
DA:564,0
DA:565,0
DA:566,0
DA:567,0
DA:568,0
DA:569,0
DA:570,0
DA:571,0
DA:572,0
DA:573,0
DA:574,0
DA:575,0
DA:576,0
DA:577,0
DA:578,0
DA:579,0
DA:580,0
DA:581,0
DA:582,0
DA:583,0
DA:584,0
DA:599,0
DA:600,0
DA:601,0
DA:602,0
DA:603,0
DA:604,0
DA:605,0
DA:606,0
DA:621,0
DA:622,0
DA:623,0
DA:624,0
DA:625,0
DA:626,0
DA:627,0
DA:628,0
DA:635,0
DA:636,0
DA:637,0
DA:638,0
DA:639,0
DA:640,0
DA:641,0
DA:642,0
DA:643,0
DA:644,0
DA:645,0
DA:646,0
DA:647,0
DA:648,0
DA:649,0
DA:650,0
DA:651,0
DA:652,0
DA:653,0
DA:654,0
DA:655,0
DA:656,0
DA:657,0
DA:658,0
DA:659,0
DA:660,0
DA:661,0
DA:662,0
DA:663,0
DA:664,0
DA:666,2
DA:667,2
DA:668,2
DA:670,2
DA:671,2
DA:672,2
DA:673,2
DA:674,2
DA:675,2
DA:676,2
LF:415
LH:162
end_of_record
TN:
SF:/Users/guilherme/src/github.com/supabase/supabase-swift/Sources/Storage/StorageHTTPClient.swift
FNL:0,17
FNA:0,4,$s7Storage0A11HTTPSessionV5fetch6uploadAC10Foundation4DataV_So13NSURLResponseCtAF10URLRequestVYaYbKc_AH_AJtAL_AHtYaYbKctcfC
FNL:1,22
FNA:1,0,$s7Storage0A11HTTPSessionV7sessionACSo12NSURLSessionC_tcfC
FNL:2,24
FNA:2,0,$s7Storage0A11HTTPSessionV7sessionACSo12NSURLSessionC_tcfc10Foundation4DataV_So13NSURLResponseCtAG10URLRequestVYaYbKcfU_
FNL:3,25
FNA:3,0,$s7Storage0A11HTTPSessionV7sessionACSo12NSURLSessionC_tcfc10Foundation4DataV_So13NSURLResponseCtAG10URLRequestV_AItYaYbKcfU0_
FNF:4
FNH:1
DA:17,4
DA:18,4
DA:19,4
DA:20,4
DA:22,0
DA:23,0
DA:24,0
DA:25,0
DA:26,0
DA:27,0
LF:10
LH:4
end_of_record
TN:
SF:/Users/guilherme/src/github.com/supabase/supabase-swift/Sources/Storage/SupabaseStorage.swift
FNL:0,22
FNA:0,4,$s7Storage0A19ClientConfigurationV3url7headers7encoder7decoder7session6loggerAC10Foundation3URLV_SDyS2SGAJ11JSONEncoderCAJ11JSONDecoderCAA0A11HTTPSessionV7Helpers14SupabaseLogger_pSgtcfC
FNL:1,36
FNA:1,7,$s7Storage08SupabaseA6ClientC4fromyAA0A7FileApiCSSF
FNF:2
FNH:2
DA:22,4
DA:23,4
DA:24,4
DA:25,4
DA:26,4
DA:27,4
DA:28,4
DA:29,4
DA:36,7
DA:37,7
DA:38,7
LF:11
LH:11
end_of_record
TN:
SF:/Users/guilherme/src/github.com/supabase/supabase-swift/Sources/Storage/TransformOptions.swift
FNL:0,25
FNA:0,1,$s7Storage16TransformOptionsV5width6height6resize7quality6formatACSiSg_AISSSgAiJtcfC
FNL:1,33
FNA:1,1,$s7Storage16TransformOptionsV10queryItemsSay10Foundation12URLQueryItemVGvg
FNF:2
FNH:2
DA:25,1
DA:26,1
DA:27,1
DA:28,1
DA:29,1
DA:30,1
DA:31,1
DA:33,1
DA:34,1
DA:35,1
DA:36,1
DA:37,1
DA:38,1
DA:39,1
DA:40,1
DA:41,1
DA:42,1
DA:43,1
DA:44,1
DA:45,0
DA:46,0
DA:47,1
DA:48,1
DA:49,1
DA:50,1
DA:51,1
DA:52,1
DA:53,0
DA:54,0
DA:55,1
DA:56,1
DA:57,1
LF:32
LH:28
end_of_record
TN:
SF:/Users/guilherme/src/github.com/supabase/supabase-swift/Sources/Storage/Types.swift
FNL:0,122
FNA:0,0,$s7Storage28CreateSignedUploadURLOptionsV6upsertACSb_tcfC
FNL:1,130
FNA:1,0,$s7Storage18DestinationOptionsV17destinationBucketACSSSg_tcfC
FNL:2,156
FNA:2,0,$s7Storage10FileObjectV4name8bucketId5owner2id9updatedAt07createdJ0012lastAccessedJ08metadata7bucketsACSS_SSSgAM10Foundation4UUIDVSgAN4DateVSgA2TSDySS7Helpers7AnyJSONOGSgAA6BucketVSgtcfC
FNL:3,232
FNA:3,0,$s7Storage6BucketV2id4name5owner8isPublic9createdAt07updatedI016allowedMimeTypes13fileSizeLimitACSS_S2SSb10Foundation4DateVANSaySSGSgs5Int64VSgtcfC
FNL:4,24
FNA:4,0,$s7Storage13SearchOptionsV5limit6offset6sortBy6searchACSiSg_AhA04SortG0VSgSSSgtcfC
FNL:5,37
FNA:5,0,$s7Storage6SortByV6column5orderACSSSg_AFtcfC
FNL:6,75
FNA:6,2,$s7Storage11FileOptionsV12cacheControl11contentType6upsert6duplex8metadata7headersACSS_SSSgSbAJSDySS7Helpers7AnyJSONOGSgSDyS2SGSgtcfC
FNL:7,95
FNA:7,0,$s7Storage9SignedURLV5error06signedC04pathACSSSg_10Foundation0C0VSStcfC
FNF:8
FNH:1
DA:24,0
DA:25,0
DA:26,0
DA:27,0
DA:28,0
DA:29,0
DA:30,0
DA:37,0
DA:38,0
DA:39,0
DA:40,0
DA:75,2
DA:76,2
DA:77,2
DA:78,2
DA:79,2
DA:80,2
DA:81,2
DA:82,2
DA:95,0
DA:96,0
DA:97,0
DA:98,0
DA:99,0
DA:122,0
DA:123,0
DA:124,0
DA:130,0
DA:131,0
DA:132,0
DA:156,0
DA:157,0
DA:158,0
DA:159,0
DA:160,0
DA:161,0
DA:162,0
DA:163,0
DA:164,0
DA:165,0
DA:166,0
DA:232,0
DA:233,0
DA:234,0
DA:235,0
DA:236,0
DA:237,0
DA:238,0
DA:239,0
DA:240,0
DA:241,0
LF:51
LH:8
end_of_record
TN:
SF:/Users/guilherme/src/github.com/supabase/supabase-swift/Sources/Supabase/Deprecated.swift
FNL:0,17
FNA:0,0,$s8Supabase0A6ClientC8database9PostgREST09PostgrestB0Cvg
FNL:1,23
FNA:1,2,$s8Supabase0A6ClientC8realtime8Realtime0dB0Cvg
FNF:2
FNH:1
DA:17,0
DA:18,0
DA:19,0
DA:23,2
DA:24,2
DA:25,2
LF:6
LH:3
end_of_record
TN:
SF:/Users/guilherme/src/github.com/supabase/supabase-swift/Sources/Supabase/SupabaseClient.swift
FNL:0,102
FNA:0,1,$s8Supabase0A6ClientC9functions9Functions0dB0CvgAgC12MutableStateVzYbXEfU_10Foundation4DataV_So13NSURLResponseCtAJ10URLRequestVYaYbKcACcfu_
FNA:0,0,$s8Supabase0A6ClientC9functions9Functions0dB0CvgAgC12MutableStateVzYbXEfU_10Foundation4DataV_So13NSURLResponseCtAJ10URLRequestVYaYbKcACcfu_AL_ANtAPYaYbKcfu0_
FNL:1,114
FNA:1,3,$s8Supabase0A6ClientC7headersSDyS2SGvg
FNL:2,128
FNA:2,3,$s8Supabase0A6ClientC12mutableState17ConcurrencyExtras12LockIsolatedCyAC07MutableD0VGvpfi
FNA:2,3,$s8Supabase0A6ClientC12mutableState17ConcurrencyExtras12LockIsolatedCyAC07MutableD0VGvpfiAIyYbKXEfu_
FNL:3,130
FNA:3,0,$s8Supabase0A6ClientC7session33_52D1230589EB52EE2799BE0F9C31D83ELLSo12NSURLSessionCvg
FNL:4,139
FNA:4,1,$s8Supabase0A6ClientC11supabaseURL0C3KeyAC10Foundation0D0V_SStcfC
FNL:5,157
FNA:5,3,$s8Supabase0A6ClientC11supabaseURL0C3Key7optionsAC10Foundation0D0V_SSAA0aB7OptionsVtcfc
FNL:6,181
FNA:6,3,$s8Supabase0A6ClientC11supabaseURL0C3Key7optionsAC10Foundation0D0V_SSAA0aB7OptionsVtcfcSSyKXEfu_
FNL:7,186
FNA:7,0,$s8Supabase0A6ClientC11supabaseURL0C3Key7optionsAC10Foundation0D0V_SSAA0aB7OptionsVtcfcAG4DataV_So13NSURLResponseCtAG10URLRequestVYaYbKcfU_
FNL:8,209
FNA:8,0,$s8Supabase0A6ClientC4fromy9PostgREST21PostgrestQueryBuilderCSSF
FNL:9,225
FNA:9,0,$s8Supabase0A6ClientC3rpc_6params5count9PostgREST22PostgrestFilterBuilderCSS_xAG11CountOptionOSgtKSERzs8SendableRzlF
FNL:10,239
FNA:10,0,$s8Supabase0A6ClientC3rpc_5count9PostgREST22PostgrestFilterBuilderCSS_AF11CountOptionOSgtKF
FNL:11,247
FNA:11,0,$s8Supabase0A6ClientC6schemay9PostgREST09PostgrestB0CSSF
FNL:12,252
FNA:12,0,$s8Supabase0A6ClientC8channelsSay8Realtime0D9ChannelV2CGvg
FNL:13,262
FNA:13,0,$s8Supabase0A6ClientC7channel_7options8Realtime0E9ChannelV2CSS_yAF0eF6ConfigVzYbXEtFfA0_yAJzYbcfU_
FNL:14,263
FNA:14,0,$s8Supabase0A6ClientC7channel_7options8Realtime0E9ChannelV2CSS_yAF0eF6ConfigVzYbXEtF
FNL:15,269
FNA:15,0,$s8Supabase0A6ClientC13removeChannelyy8Realtime0eD2V2CYaF
FNL:16,274
FNA:16,0,$s8Supabase0A6ClientC17removeAllChannelsyyYaF
FNL:17,329
FNA:17,0,$s8Supabase0A6ClientC6handleyy10Foundation3URLVF
FNL:18,333
FNA:18,1,$s8Supabase0A6ClientCfd
FNL:19,338
FNA:19,0,$s8Supabase0A6ClientC13fetchWithAuth33_52D1230589EB52EE2799BE0F9C31D83ELLy10Foundation4DataV_So13NSURLResponseCtAF10URLRequestVYaYbKF
FNL:20,34
FNA:20,7,$s8Supabase0A6ClientC4auth4Auth0dB0Cvg
FNL:21,346
FNA:21,0,$s8Supabase0A6ClientC14uploadWithAuth33_52D1230589EB52EE2799BE0F9C31D83ELL_4from10Foundation4DataV_So13NSURLResponseCtAG10URLRequestV_AItYaYbKF
FNL:22,350
FNA:22,0,$s8Supabase0A6ClientC5adapt33_52D1230589EB52EE2799BE0F9C31D83ELL7request10Foundation10URLRequestVAI_tYaF
FNL:23,360
FNA:23,2,$s8Supabase0A6ClientC15_getAccessToken33_52D1230589EB52EE2799BE0F9C31D83ELLSSyYaKF
FNL:24,368
FNA:24,2,$s8Supabase0A6ClientC19listenForAuthEvents33_52D1230589EB52EE2799BE0F9C31D83ELLyyF
FNL:25,369
FNA:25,2,$s8Supabase0A6ClientC19listenForAuthEvents33_52D1230589EB52EE2799BE0F9C31D83ELLyyFyyYacfU_
FNL:26,37
FNA:26,1,$s8Supabase0A6ClientC4auth4Auth0dB0CvgSSSgyXEfu_
FNL:27,374
FNA:27,2,$s8Supabase0A6ClientC19listenForAuthEvents33_52D1230589EB52EE2799BE0F9C31D83ELLyyFyAC12MutableStateVzYbXEfU0_
FNL:28,379
FNA:28,2,$s8Supabase0A6ClientC18handleTokenChanged33_52D1230589EB52EE2799BE0F9C31D83ELL5event7sessiony4Auth0O11ChangeEventO_AH7SessionVSgtYaF
FNL:29,380
FNA:29,2,$s8Supabase0A6ClientC18handleTokenChanged33_52D1230589EB52EE2799BE0F9C31D83ELL5event7sessiony4Auth0O11ChangeEventO_AH7SessionVSgtYaFSSSgAC12MutableStateVzYbXEfU_
FNL:30,385
FNA:30,0,$s8Supabase0A6ClientC18handleTokenChanged33_52D1230589EB52EE2799BE0F9C31D83ELL5event7sessiony4Auth0O11ChangeEventO_AH7SessionVSgtYaFSSSgAC12MutableStateVzYbXEfU_SSyKXEfu_
FNL:31,400
FNA:31,2,$s8Supabase0A6ClientC013_initRealtimeB033_52D1230589EB52EE2799BE0F9C31D83ELL0D00dB2V2CyF
FNL:32,409
FNA:32,2,$s8Supabase0A6ClientC013_initRealtimeB033_52D1230589EB52EE2799BE0F9C31D83ELL0D00dB2V2CyFSSyYaYbKcfU_
FNL:33,410
FNA:33,0,$s8Supabase0A6ClientC013_initRealtimeB033_52D1230589EB52EE2799BE0F9C31D83ELL0D00dB2V2CyFSSyYaYbKcfU_SSyKXEfu_
FNL:34,414
FNA:34,0,$s8Supabase0A6ClientC013_initRealtimeB033_52D1230589EB52EE2799BE0F9C31D83ELL0D00dB2V2CyFSSSgyXEfu_
FNL:35,45
FNA:35,0,$s8Supabase0A6ClientC4rest9PostgREST09PostgrestB0Cvg
FNL:36,46
FNA:36,0,$s8Supabase0A6ClientC4rest9PostgREST09PostgrestB0CvgAgC12MutableStateVzYbXEfU_
FNL:37,53
FNA:37,0,$s8Supabase0A6ClientC4rest9PostgREST09PostgrestB0CvgAgC12MutableStateVzYbXEfU_10Foundation4DataV_So13NSURLResponseCtAJ10URLRequestVYaYbKcACcfu_
FNA:37,0,$s8Supabase0A6ClientC4rest9PostgREST09PostgrestB0CvgAgC12MutableStateVzYbXEfU_10Foundation4DataV_So13NSURLResponseCtAJ10URLRequestVYaYbKcACcfu_AL_ANtAPYaYbKcfu0_
FNL:38,64
FNA:38,0,$s8Supabase0A6ClientC7storage7Storage0adB0Cvg
FNL:39,65
FNA:39,0,$s8Supabase0A6ClientC7storage7Storage0adB0CvgAgC12MutableStateVzYbXEfU_
FNL:40,71
FNA:40,0,$s8Supabase0A6ClientC7storage7Storage0adB0CvgAgC12MutableStateVzYbXEfU_10Foundation4DataV_So13NSURLResponseCtAJ10URLRequestVYaYbKcACcfu_
FNA:40,0,$s8Supabase0A6ClientC7storage7Storage0adB0CvgAgC12MutableStateVzYbXEfU_10Foundation4DataV_So13NSURLResponseCtAJ10URLRequestVYaYbKcACcfu_AL_ANtAPYaYbKcfu0_
FNA:40,0,$s8Supabase0A6ClientC7storage7Storage0adB0CvgAgC12MutableStateVzYbXEfU_10Foundation4DataV_So13NSURLResponseCtAJ10URLRequestV_ALtYaYbKcACcfu1_
FNA:40,0,$s8Supabase0A6ClientC7storage7Storage0adB0CvgAgC12MutableStateVzYbXEfU_10Foundation4DataV_So13NSURLResponseCtAJ10URLRequestV_ALtYaYbKcACcfu1_AL_ANtAP_ALtYaYbKcfu2_
FNL:41,84
FNA:41,4,$s8Supabase0A6ClientC10realtimeV28Realtime0ebD0Cvg
FNL:42,85
FNA:42,4,$s8Supabase0A6ClientC10realtimeV28Realtime0ebD0CvgAgC12MutableStateVzYbXEfU_
FNL:43,94
FNA:43,1,$s8Supabase0A6ClientC9functions9Functions0dB0Cvg
FNL:44,95
FNA:44,1,$s8Supabase0A6ClientC9functions9Functions0dB0CvgAgC12MutableStateVzYbXEfU_
FNF:45
FNH:21
DA:34,7
DA:35,7
DA:36,1
DA:37,1
DA:38,1
DA:39,1
DA:40,1
DA:41,1
DA:42,7
DA:43,7
DA:45,0
DA:46,0
DA:47,0
DA:48,0
DA:49,0
DA:50,0
DA:51,0
DA:52,0
DA:53,0
DA:54,0
DA:55,0
DA:56,0
DA:57,0
DA:58,0
DA:59,0
DA:60,0
DA:61,0
DA:64,0
DA:65,0
DA:66,0
DA:67,0
DA:68,0
DA:69,0
DA:70,0
DA:71,0
DA:72,0
DA:73,0
DA:74,0
DA:75,0
DA:76,0
DA:77,0
DA:78,0
DA:79,0
DA:84,4
DA:85,4
DA:86,4
DA:87,2
DA:88,2
DA:89,4
DA:90,4
DA:91,4
DA:94,1
DA:95,1
DA:96,1
DA:97,1
DA:98,1
DA:99,1
DA:100,1
DA:101,1
DA:102,1
DA:103,1
DA:104,1
DA:105,1
DA:106,1
DA:107,1
DA:108,1
DA:114,3
DA:115,3
DA:116,3
DA:128,3
DA:130,0
DA:131,0
DA:132,0
DA:139,1
DA:140,1
DA:141,1
DA:142,1
DA:143,1
DA:144,1
DA:145,1
DA:157,3
DA:158,3
DA:159,3
DA:160,3
DA:161,3
DA:162,3
DA:163,3
DA:164,3
DA:165,3
DA:166,3
DA:167,3
DA:168,3
DA:169,3
DA:170,3
DA:171,3
DA:172,3
DA:173,3
DA:174,3
DA:175,3
DA:176,3
DA:177,3
DA:178,3
DA:179,3
DA:180,3
DA:181,3
DA:182,3
DA:183,3
DA:184,3
DA:185,3
DA:186,3
DA:187,0
DA:188,0
DA:189,0
DA:190,3
DA:191,3
DA:192,3
DA:193,3
DA:194,3
DA:195,3
DA:196,3
DA:197,3
DA:198,3
DA:199,3
DA:200,3
DA:201,3
DA:202,2
DA:203,2
DA:204,3
DA:209,0
DA:210,0
DA:211,0
DA:225,0
DA:226,0
DA:227,0
DA:239,0
DA:240,0
DA:241,0
DA:247,0
DA:248,0
DA:249,0
DA:252,0
DA:253,0
DA:254,0
DA:262,0
DA:263,0
DA:264,0
DA:265,0
DA:269,0
DA:270,0
DA:271,0
DA:274,0
DA:275,0
DA:276,0
DA:329,0
DA:330,0
DA:331,0
DA:333,1
DA:334,1
DA:335,1
DA:338,0
DA:339,0
DA:340,0
DA:346,0
DA:347,0
DA:348,0
DA:350,0
DA:351,0
DA:352,0
DA:353,0
DA:354,0
DA:355,0
DA:356,0
DA:357,0
DA:358,0
DA:360,2
DA:361,2
DA:362,0
DA:363,2
DA:364,2
DA:365,2
DA:366,2
DA:368,2
DA:369,2
DA:370,2
DA:371,2
DA:372,2
DA:373,2
DA:374,2
DA:375,2
DA:376,2
DA:377,2
DA:379,2
DA:380,2
DA:381,2
DA:382,2
DA:383,2
DA:384,0
DA:385,0
DA:386,2
DA:387,2
DA:388,2
DA:389,0
DA:390,0
DA:391,2
DA:392,2
DA:393,2
DA:394,2
DA:395,2
DA:396,2
DA:397,2
DA:398,2
DA:400,2
DA:401,2
DA:402,2
DA:403,2
DA:404,2
DA:405,2
DA:406,2
DA:407,2
DA:408,2
DA:409,2
DA:410,2
DA:411,0
DA:412,2
DA:413,0
DA:414,0
DA:415,0
DA:416,0
DA:417,0
DA:418,0
DA:419,0
DA:420,0
DA:421,0
DA:422,2
DA:423,2
DA:424,2
DA:425,2
DA:426,2
DA:427,2
LF:239
LH:142
end_of_record
TN:
SF:/Users/guilherme/src/github.com/supabase/supabase-swift/Sources/Supabase/Types.swift
FNL:0,104
FNA:0,3,$s8Supabase0A13ClientOptionsV06GlobalC0V7headers7session6loggerAESDyS2SG_So12NSURLSessionC7Helpers0A6Logger_pSgtcfC
FNL:1,116
FNA:1,3,$s8Supabase0A13ClientOptionsV09FunctionsC0V6regionAESSSg_tcfC
FNL:2,120
FNA:2,3,$s8Supabase0A13ClientOptionsV09FunctionsC0V6regionAE0D014FunctionRegionOSg_tcfC
FNL:3,131
FNA:3,2,$s8Supabase0A13ClientOptionsV2db4auth6global9functions8realtimeA2C08DatabaseC0V_AC04AuthC0VAC06GlobalC0VAC09FunctionsC0V8Realtime0mbC0VtcfC
FNL:4,147
FNA:4,1,$s8Supabase0A13ClientOptionsV2db6global9functions8realtimeA2C08DatabaseC0V_AC06GlobalC0VAC09FunctionsC0V8Realtime0kbC0VtcfC
FNL:5,167
FNA:5,1,$s8Supabase0A13ClientOptionsV04AuthC0V13redirectToURL10storageKey8flowType7encoder7decoder16autoRefreshToken06accessP0AE10Foundation0G0VSg_SSSg0D00d4FlowK0OAM11JSONEncoderCAM11JSONDecoderCSbSSyYaYbKcSgtcfC
FNL:6,33
FNA:6,3,$s8Supabase0A13ClientOptionsV08DatabaseC0V6schema7encoder7decoderAESSSg_10Foundation11JSONEncoderCAJ11JSONDecoderCtcfC
FNL:7,78
FNA:7,3,$s8Supabase0A13ClientOptionsV04AuthC0V7storage13redirectToURL0E3Key8flowType7encoder7decoder16autoRefreshToken06accessP0AE0D00D12LocalStorage_p_10Foundation0H0VSgSSSgAN0d4FlowK0OAP11JSONEncoderCAP11JSONDecoderCSbSSyYaYbKcSgtcfC
FNF:8
FNH:8
DA:33,3
DA:34,3
DA:35,3
DA:36,3
DA:37,3
DA:78,3
DA:79,3
DA:80,3
DA:81,3
DA:82,3
DA:83,3
DA:84,3
DA:85,3
DA:86,3
DA:87,3
DA:104,3
DA:105,3
DA:106,3
DA:107,3
DA:108,3
DA:116,3
DA:117,3
DA:118,3
DA:120,3
DA:121,3
DA:122,3
DA:131,2
DA:132,2
DA:133,2
DA:134,2
DA:135,2
DA:136,2
DA:137,2
DA:147,1
DA:148,1
DA:149,1
DA:150,1
DA:151,1
DA:152,1
DA:153,1
DA:167,1
DA:168,1
DA:169,1
DA:170,1
DA:171,1
DA:172,1
DA:173,1
DA:174,1
DA:175,1
DA:176,1
DA:177,1
DA:178,1
LF:52
LH:52
end_of_record
